{"/Users/admin/Desktop/OC | Front-End/billed-app - P9/src/constants/routes.js": {"path":"/Users/admin/Desktop/OC | Front-End/billed-app - P9/src/constants/routes.js","statementMap":{"0":{"start":{"line":6,"column":27},"end":{"line":11,"column":1}},"1":{"start":{"line":13,"column":22},"end":{"line":26,"column":1}},"2":{"start":{"line":14,"column":2},"end":{"line":25,"column":3}},"3":{"start":{"line":16,"column":6},"end":{"line":16,"column":46}},"4":{"start":{"line":18,"column":6},"end":{"line":18,"column":46}},"5":{"start":{"line":20,"column":6},"end":{"line":20,"column":24}},"6":{"start":{"line":22,"column":6},"end":{"line":22,"column":50}},"7":{"start":{"line":24,"column":6},"end":{"line":24,"column":46}}},"fnMap":{"0":{"name":"(anonymous_0)","decl":{"start":{"line":13,"column":22},"end":{"line":13,"column":23}},"loc":{"start":{"line":13,"column":62},"end":{"line":26,"column":1}},"line":13}},"branchMap":{"0":{"loc":{"start":{"line":14,"column":2},"end":{"line":25,"column":3}},"type":"switch","locations":[{"start":{"line":15,"column":4},"end":{"line":16,"column":46}},{"start":{"line":17,"column":4},"end":{"line":18,"column":46}},{"start":{"line":19,"column":4},"end":{"line":20,"column":24}},{"start":{"line":21,"column":4},"end":{"line":22,"column":50}},{"start":{"line":23,"column":4},"end":{"line":24,"column":46}}],"line":14}},"s":{"0":5,"1":5,"2":13,"3":3,"4":3,"5":1,"6":5,"7":1},"f":{"0":13},"b":{"0":[3,3,1,5,1]},"_coverageSchema":"1a1c01bbd47fc00a2c39e90264f33305004495a9","hash":"91fbc55ea2f9b7673b8b4531f9dc2998c3b52d0a"}
,"/Users/admin/Desktop/OC | Front-End/billed-app - P9/src/constants/usersTest.js": {"path":"/Users/admin/Desktop/OC | Front-End/billed-app - P9/src/constants/usersTest.js","statementMap":{},"fnMap":{},"branchMap":{},"s":{},"f":{},"b":{},"_coverageSchema":"1a1c01bbd47fc00a2c39e90264f33305004495a9","hash":"7a27f060c4db63ca5a8fbd241aa77c81b325f0c8"}
,"/Users/admin/Desktop/OC | Front-End/billed-app - P9/src/containers/Bills.js": {"path":"/Users/admin/Desktop/OC | Front-End/billed-app - P9/src/containers/Bills.js","statementMap":{"0":{"start":{"line":8,"column":4},"end":{"line":8,"column":28}},"1":{"start":{"line":9,"column":4},"end":{"line":9,"column":32}},"2":{"start":{"line":10,"column":4},"end":{"line":10,"column":30}},"3":{"start":{"line":12,"column":26},"end":{"line":12,"column":86}},"4":{"start":{"line":13,"column":4},"end":{"line":13,"column":87}},"5":{"start":{"line":13,"column":23},"end":{"line":13,"column":87}},"6":{"start":{"line":14,"column":20},"end":{"line":14,"column":76}},"7":{"start":{"line":15,"column":4},"end":{"line":17,"column":6}},"8":{"start":{"line":15,"column":17},"end":{"line":17,"column":6}},"9":{"start":{"line":16,"column":6},"end":{"line":16,"column":74}},"10":{"start":{"line":16,"column":44},"end":{"line":16,"column":73}},"11":{"start":{"line":19,"column":4},"end":{"line":19,"column":54}},"12":{"start":{"line":22,"column":23},"end":{"line":24,"column":3}},"13":{"start":{"line":23,"column":4},"end":{"line":23,"column":43}},"14":{"start":{"line":26,"column":23},"end":{"line":34,"column":3}},"15":{"start":{"line":27,"column":20},"end":{"line":27,"column":54}},"16":{"start":{"line":28,"column":21},"end":{"line":28,"column":63}},"17":{"start":{"line":29,"column":4},"end":{"line":31,"column":87}},"18":{"start":{"line":33,"column":4},"end":{"line":33,"column":34}},"19":{"start":{"line":37,"column":13},"end":{"line":67,"column":3}},"20":{"start":{"line":38,"column":22},"end":{"line":40,"column":10}},"21":{"start":{"line":41,"column":4},"end":{"line":66,"column":5}},"22":{"start":{"line":42,"column":6},"end":{"line":65,"column":28}},"23":{"start":{"line":46,"column":22},"end":{"line":62,"column":51}},"24":{"start":{"line":48,"column":12},"end":{"line":60,"column":13}},"25":{"start":{"line":49,"column":14},"end":{"line":53,"column":15}},"26":{"start":{"line":55,"column":14},"end":{"line":59,"column":15}},"27":{"start":{"line":62,"column":26},"end":{"line":62,"column":50}},"28":{"start":{"line":63,"column":8},"end":{"line":63,"column":20}},"29":{"start":{"line":65,"column":22},"end":{"line":65,"column":27}}},"fnMap":{"0":{"name":"(anonymous_0)","decl":{"start":{"line":7,"column":2},"end":{"line":7,"column":3}},"loc":{"start":{"line":7,"column":65},"end":{"line":20,"column":3}},"line":7},"1":{"name":"(anonymous_1)","decl":{"start":{"line":15,"column":33},"end":{"line":15,"column":34}},"loc":{"start":{"line":15,"column":41},"end":{"line":17,"column":5}},"line":15},"2":{"name":"(anonymous_2)","decl":{"start":{"line":16,"column":37},"end":{"line":16,"column":38}},"loc":{"start":{"line":16,"column":44},"end":{"line":16,"column":73}},"line":16},"3":{"name":"(anonymous_3)","decl":{"start":{"line":22,"column":23},"end":{"line":22,"column":24}},"loc":{"start":{"line":22,"column":28},"end":{"line":24,"column":3}},"line":22},"4":{"name":"(anonymous_4)","decl":{"start":{"line":26,"column":23},"end":{"line":26,"column":24}},"loc":{"start":{"line":26,"column":33},"end":{"line":34,"column":3}},"line":26},"5":{"name":"(anonymous_5)","decl":{"start":{"line":37,"column":13},"end":{"line":37,"column":14}},"loc":{"start":{"line":37,"column":19},"end":{"line":67,"column":3}},"line":37},"6":{"name":"(anonymous_6)","decl":{"start":{"line":45,"column":14},"end":{"line":45,"column":15}},"loc":{"start":{"line":45,"column":26},"end":{"line":64,"column":7}},"line":45},"7":{"name":"(anonymous_7)","decl":{"start":{"line":47,"column":15},"end":{"line":47,"column":16}},"loc":{"start":{"line":47,"column":22},"end":{"line":61,"column":11}},"line":47},"8":{"name":"(anonymous_8)","decl":{"start":{"line":62,"column":18},"end":{"line":62,"column":19}},"loc":{"start":{"line":62,"column":26},"end":{"line":62,"column":50}},"line":62},"9":{"name":"(anonymous_9)","decl":{"start":{"line":65,"column":13},"end":{"line":65,"column":14}},"loc":{"start":{"line":65,"column":22},"end":{"line":65,"column":27}},"line":65}},"branchMap":{"0":{"loc":{"start":{"line":13,"column":4},"end":{"line":13,"column":87}},"type":"if","locations":[{"start":{"line":13,"column":4},"end":{"line":13,"column":87}},{"start":{"line":13,"column":4},"end":{"line":13,"column":87}}],"line":13},"1":{"loc":{"start":{"line":15,"column":4},"end":{"line":17,"column":6}},"type":"if","locations":[{"start":{"line":15,"column":4},"end":{"line":17,"column":6}},{"start":{"line":15,"column":4},"end":{"line":17,"column":6}}],"line":15},"2":{"loc":{"start":{"line":38,"column":22},"end":{"line":40,"column":10}},"type":"cond-expr","locations":[{"start":{"line":39,"column":8},"end":{"line":39,"column":54}},{"start":{"line":40,"column":8},"end":{"line":40,"column":10}}],"line":38},"3":{"loc":{"start":{"line":41,"column":4},"end":{"line":66,"column":5}},"type":"if","locations":[{"start":{"line":41,"column":4},"end":{"line":66,"column":5}},{"start":{"line":41,"column":4},"end":{"line":66,"column":5}}],"line":41}},"s":{"0":0,"1":0,"2":0,"3":0,"4":0,"5":0,"6":0,"7":0,"8":0,"9":0,"10":0,"11":0,"12":0,"13":0,"14":0,"15":0,"16":0,"17":0,"18":0,"19":0,"20":0,"21":0,"22":0,"23":0,"24":0,"25":0,"26":0,"27":0,"28":0,"29":0},"f":{"0":0,"1":0,"2":0,"3":0,"4":0,"5":0,"6":0,"7":0,"8":0,"9":0},"b":{"0":[0,0],"1":[0,0],"2":[0,0],"3":[0,0]}}
,"/Users/admin/Desktop/OC | Front-End/billed-app - P9/src/containers/Dashboard.js": {"path":"/Users/admin/Desktop/OC | Front-End/billed-app - P9/src/containers/Dashboard.js","statementMap":{"0":{"start":{"line":8,"column":29},"end":{"line":27,"column":1}},"1":{"start":{"line":9,"column":2},"end":{"line":26,"column":11}},"2":{"start":{"line":15,"column":6},"end":{"line":23,"column":7}},"3":{"start":{"line":16,"column":8},"end":{"line":16,"column":50}},"4":{"start":{"line":19,"column":26},"end":{"line":19,"column":72}},"5":{"start":{"line":20,"column":8},"end":{"line":22,"column":57}},"6":{"start":{"line":25,"column":6},"end":{"line":25,"column":28}},"7":{"start":{"line":29,"column":20},"end":{"line":52,"column":1}},"8":{"start":{"line":30,"column":28},"end":{"line":30,"column":52}},"9":{"start":{"line":31,"column":20},"end":{"line":32,"column":40}},"10":{"start":{"line":33,"column":19},"end":{"line":34,"column":53}},"11":{"start":{"line":36,"column":2},"end":{"line":51,"column":4}},"12":{"start":{"line":54,"column":21},"end":{"line":56,"column":1}},"13":{"start":{"line":55,"column":2},"end":{"line":55,"column":76}},"14":{"start":{"line":55,"column":51},"end":{"line":55,"column":61}},"15":{"start":{"line":58,"column":25},"end":{"line":67,"column":1}},"16":{"start":{"line":59,"column":2},"end":{"line":66,"column":3}},"17":{"start":{"line":61,"column":6},"end":{"line":61,"column":22}},"18":{"start":{"line":63,"column":6},"end":{"line":63,"column":23}},"19":{"start":{"line":65,"column":6},"end":{"line":65,"column":22}},"20":{"start":{"line":71,"column":4},"end":{"line":71,"column":28}},"21":{"start":{"line":72,"column":4},"end":{"line":72,"column":32}},"22":{"start":{"line":73,"column":4},"end":{"line":73,"column":30}},"23":{"start":{"line":74,"column":4},"end":{"line":74,"column":71}},"24":{"start":{"line":74,"column":35},"end":{"line":74,"column":70}},"25":{"start":{"line":75,"column":4},"end":{"line":75,"column":71}},"26":{"start":{"line":75,"column":35},"end":{"line":75,"column":70}},"27":{"start":{"line":76,"column":4},"end":{"line":76,"column":71}},"28":{"start":{"line":76,"column":35},"end":{"line":76,"column":70}},"29":{"start":{"line":77,"column":4},"end":{"line":77,"column":27}},"30":{"start":{"line":78,"column":4},"end":{"line":78,"column":44}},"31":{"start":{"line":81,"column":23},"end":{"line":86,"column":3}},"32":{"start":{"line":82,"column":20},"end":{"line":82,"column":58}},"33":{"start":{"line":83,"column":21},"end":{"line":83,"column":69}},"34":{"start":{"line":84,"column":4},"end":{"line":84,"column":134}},"35":{"start":{"line":85,"column":4},"end":{"line":85,"column":96}},"36":{"start":{"line":85,"column":60},"end":{"line":85,"column":96}},"37":{"start":{"line":89,"column":4},"end":{"line":89,"column":75}},"38":{"start":{"line":89,"column":59},"end":{"line":89,"column":75}},"39":{"start":{"line":90,"column":4},"end":{"line":90,"column":71}},"40":{"start":{"line":90,"column":54},"end":{"line":90,"column":71}},"41":{"start":{"line":91,"column":4},"end":{"line":107,"column":5}},"42":{"start":{"line":92,"column":6},"end":{"line":94,"column":8}},"43":{"start":{"line":93,"column":8},"end":{"line":93,"column":61}},"44":{"start":{"line":95,"column":6},"end":{"line":95,"column":62}},"45":{"start":{"line":96,"column":6},"end":{"line":96,"column":69}},"46":{"start":{"line":97,"column":6},"end":{"line":97,"column":52}},"47":{"start":{"line":98,"column":6},"end":{"line":98,"column":21}},"48":{"start":{"line":100,"column":6},"end":{"line":100,"column":62}},"49":{"start":{"line":102,"column":6},"end":{"line":104,"column":8}},"50":{"start":{"line":105,"column":6},"end":{"line":105,"column":52}},"51":{"start":{"line":106,"column":6},"end":{"line":106,"column":21}},"52":{"start":{"line":108,"column":4},"end":{"line":108,"column":51}},"53":{"start":{"line":109,"column":4},"end":{"line":109,"column":72}},"54":{"start":{"line":109,"column":39},"end":{"line":109,"column":71}},"55":{"start":{"line":110,"column":4},"end":{"line":110,"column":72}},"56":{"start":{"line":110,"column":39},"end":{"line":110,"column":71}},"57":{"start":{"line":113,"column":23},"end":{"line":121,"column":3}},"58":{"start":{"line":114,"column":20},"end":{"line":118,"column":5}},"59":{"start":{"line":119,"column":4},"end":{"line":119,"column":28}},"60":{"start":{"line":120,"column":4},"end":{"line":120,"column":45}},"61":{"start":{"line":123,"column":23},"end":{"line":131,"column":3}},"62":{"start":{"line":124,"column":20},"end":{"line":128,"column":5}},"63":{"start":{"line":129,"column":4},"end":{"line":129,"column":28}},"64":{"start":{"line":130,"column":4},"end":{"line":130,"column":45}},"65":{"start":{"line":134,"column":4},"end":{"line":134,"column":76}},"66":{"start":{"line":134,"column":60},"end":{"line":134,"column":76}},"67":{"start":{"line":135,"column":4},"end":{"line":135,"column":76}},"68":{"start":{"line":135,"column":58},"end":{"line":135,"column":76}},"69":{"start":{"line":136,"column":4},"end":{"line":146,"column":5}},"70":{"start":{"line":137,"column":6},"end":{"line":137,"column":69}},"71":{"start":{"line":138,"column":6},"end":{"line":139,"column":65}},"72":{"start":{"line":140,"column":6},"end":{"line":140,"column":21}},"73":{"start":{"line":142,"column":6},"end":{"line":142,"column":70}},"74":{"start":{"line":143,"column":6},"end":{"line":144,"column":17}},"75":{"start":{"line":145,"column":6},"end":{"line":145,"column":21}},"76":{"start":{"line":148,"column":4},"end":{"line":150,"column":6}},"77":{"start":{"line":149,"column":6},"end":{"line":149,"column":83}},"78":{"start":{"line":149,"column":45},"end":{"line":149,"column":82}},"79":{"start":{"line":152,"column":4},"end":{"line":152,"column":16}},"80":{"start":{"line":157,"column":21},"end":{"line":174,"column":3}},"81":{"start":{"line":158,"column":4},"end":{"line":173,"column":5}},"82":{"start":{"line":159,"column":6},"end":{"line":172,"column":25}},"83":{"start":{"line":163,"column":22},"end":{"line":169,"column":11}},"84":{"start":{"line":164,"column":21},"end":{"line":169,"column":9}},"85":{"start":{"line":170,"column":8},"end":{"line":170,"column":20}},"86":{"start":{"line":177,"column":15},"end":{"line":185,"column":3}},"87":{"start":{"line":178,"column":4},"end":{"line":184,"column":5}},"88":{"start":{"line":179,"column":4},"end":{"line":183,"column":25}},"89":{"start":{"line":182,"column":20},"end":{"line":182,"column":24}}},"fnMap":{"0":{"name":"(anonymous_0)","decl":{"start":{"line":8,"column":29},"end":{"line":8,"column":30}},"loc":{"start":{"line":8,"column":47},"end":{"line":27,"column":1}},"line":8},"1":{"name":"(anonymous_1)","decl":{"start":{"line":10,"column":16},"end":{"line":10,"column":17}},"loc":{"start":{"line":10,"column":24},"end":{"line":26,"column":5}},"line":10},"2":{"name":"(anonymous_2)","decl":{"start":{"line":29,"column":20},"end":{"line":29,"column":21}},"loc":{"start":{"line":29,"column":30},"end":{"line":52,"column":1}},"line":29},"3":{"name":"(anonymous_3)","decl":{"start":{"line":54,"column":21},"end":{"line":54,"column":22}},"loc":{"start":{"line":54,"column":32},"end":{"line":56,"column":1}},"line":54},"4":{"name":"(anonymous_4)","decl":{"start":{"line":55,"column":43},"end":{"line":55,"column":44}},"loc":{"start":{"line":55,"column":51},"end":{"line":55,"column":61}},"line":55},"5":{"name":"(anonymous_5)","decl":{"start":{"line":58,"column":25},"end":{"line":58,"column":26}},"loc":{"start":{"line":58,"column":36},"end":{"line":67,"column":1}},"line":58},"6":{"name":"(anonymous_6)","decl":{"start":{"line":70,"column":2},"end":{"line":70,"column":3}},"loc":{"start":{"line":70,"column":72},"end":{"line":79,"column":3}},"line":70},"7":{"name":"(anonymous_7)","decl":{"start":{"line":74,"column":28},"end":{"line":74,"column":29}},"loc":{"start":{"line":74,"column":35},"end":{"line":74,"column":70}},"line":74},"8":{"name":"(anonymous_8)","decl":{"start":{"line":75,"column":28},"end":{"line":75,"column":29}},"loc":{"start":{"line":75,"column":35},"end":{"line":75,"column":70}},"line":75},"9":{"name":"(anonymous_9)","decl":{"start":{"line":76,"column":28},"end":{"line":76,"column":29}},"loc":{"start":{"line":76,"column":35},"end":{"line":76,"column":70}},"line":76},"10":{"name":"(anonymous_10)","decl":{"start":{"line":81,"column":23},"end":{"line":81,"column":24}},"loc":{"start":{"line":81,"column":29},"end":{"line":86,"column":3}},"line":81},"11":{"name":"(anonymous_11)","decl":{"start":{"line":88,"column":2},"end":{"line":88,"column":3}},"loc":{"start":{"line":88,"column":35},"end":{"line":111,"column":3}},"line":88},"12":{"name":"(anonymous_12)","decl":{"start":{"line":92,"column":20},"end":{"line":92,"column":21}},"loc":{"start":{"line":92,"column":25},"end":{"line":94,"column":7}},"line":92},"13":{"name":"(anonymous_13)","decl":{"start":{"line":109,"column":32},"end":{"line":109,"column":33}},"loc":{"start":{"line":109,"column":39},"end":{"line":109,"column":71}},"line":109},"14":{"name":"(anonymous_14)","decl":{"start":{"line":110,"column":32},"end":{"line":110,"column":33}},"loc":{"start":{"line":110,"column":39},"end":{"line":110,"column":71}},"line":110},"15":{"name":"(anonymous_15)","decl":{"start":{"line":113,"column":23},"end":{"line":113,"column":24}},"loc":{"start":{"line":113,"column":36},"end":{"line":121,"column":3}},"line":113},"16":{"name":"(anonymous_16)","decl":{"start":{"line":123,"column":23},"end":{"line":123,"column":24}},"loc":{"start":{"line":123,"column":36},"end":{"line":131,"column":3}},"line":123},"17":{"name":"(anonymous_17)","decl":{"start":{"line":133,"column":2},"end":{"line":133,"column":3}},"loc":{"start":{"line":133,"column":37},"end":{"line":154,"column":3}},"line":133},"18":{"name":"(anonymous_18)","decl":{"start":{"line":148,"column":18},"end":{"line":148,"column":19}},"loc":{"start":{"line":148,"column":26},"end":{"line":150,"column":5}},"line":148},"19":{"name":"(anonymous_19)","decl":{"start":{"line":149,"column":38},"end":{"line":149,"column":39}},"loc":{"start":{"line":149,"column":45},"end":{"line":149,"column":82}},"line":149},"20":{"name":"(anonymous_20)","decl":{"start":{"line":157,"column":21},"end":{"line":157,"column":22}},"loc":{"start":{"line":157,"column":27},"end":{"line":174,"column":3}},"line":157},"21":{"name":"(anonymous_21)","decl":{"start":{"line":162,"column":12},"end":{"line":162,"column":13}},"loc":{"start":{"line":162,"column":24},"end":{"line":171,"column":7}},"line":162},"22":{"name":"(anonymous_22)","decl":{"start":{"line":164,"column":13},"end":{"line":164,"column":14}},"loc":{"start":{"line":164,"column":21},"end":{"line":169,"column":9}},"line":164},"23":{"name":"(anonymous_23)","decl":{"start":{"line":177,"column":15},"end":{"line":177,"column":16}},"loc":{"start":{"line":177,"column":25},"end":{"line":185,"column":3}},"line":177},"24":{"name":"(anonymous_24)","decl":{"start":{"line":182,"column":12},"end":{"line":182,"column":13}},"loc":{"start":{"line":182,"column":20},"end":{"line":182,"column":24}},"line":182}},"branchMap":{"0":{"loc":{"start":{"line":9,"column":9},"end":{"line":26,"column":11}},"type":"cond-expr","locations":[{"start":{"line":10,"column":4},"end":{"line":26,"column":6}},{"start":{"line":26,"column":9},"end":{"line":26,"column":11}}],"line":9},"1":{"loc":{"start":{"line":9,"column":10},"end":{"line":9,"column":29}},"type":"binary-expr","locations":[{"start":{"line":9,"column":10},"end":{"line":9,"column":14}},{"start":{"line":9,"column":18},"end":{"line":9,"column":29}}],"line":9},"2":{"loc":{"start":{"line":15,"column":6},"end":{"line":23,"column":7}},"type":"if","locations":[{"start":{"line":15,"column":6},"end":{"line":23,"column":7}},{"start":{"line":15,"column":6},"end":{"line":23,"column":7}}],"line":15},"3":{"loc":{"start":{"line":21,"column":10},"end":{"line":22,"column":57}},"type":"binary-expr","locations":[{"start":{"line":21,"column":11},"end":{"line":21,"column":33}},{"start":{"line":22,"column":10},"end":{"line":22,"column":57}}],"line":21},"4":{"loc":{"start":{"line":31,"column":20},"end":{"line":32,"column":40}},"type":"cond-expr","locations":[{"start":{"line":32,"column":4},"end":{"line":32,"column":35}},{"start":{"line":32,"column":38},"end":{"line":32,"column":40}}],"line":31},"5":{"loc":{"start":{"line":33,"column":19},"end":{"line":34,"column":53}},"type":"cond-expr","locations":[{"start":{"line":34,"column":2},"end":{"line":34,"column":33}},{"start":{"line":34,"column":36},"end":{"line":34,"column":53}}],"line":33},"6":{"loc":{"start":{"line":55,"column":9},"end":{"line":55,"column":76}},"type":"cond-expr","locations":[{"start":{"line":55,"column":33},"end":{"line":55,"column":71}},{"start":{"line":55,"column":74},"end":{"line":55,"column":76}}],"line":55},"7":{"loc":{"start":{"line":55,"column":9},"end":{"line":55,"column":30}},"type":"binary-expr","locations":[{"start":{"line":55,"column":9},"end":{"line":55,"column":14}},{"start":{"line":55,"column":18},"end":{"line":55,"column":30}}],"line":55},"8":{"loc":{"start":{"line":59,"column":2},"end":{"line":66,"column":3}},"type":"switch","locations":[{"start":{"line":60,"column":4},"end":{"line":61,"column":22}},{"start":{"line":62,"column":4},"end":{"line":63,"column":23}},{"start":{"line":64,"column":4},"end":{"line":65,"column":22}}],"line":59},"9":{"loc":{"start":{"line":85,"column":4},"end":{"line":85,"column":96}},"type":"if","locations":[{"start":{"line":85,"column":4},"end":{"line":85,"column":96}},{"start":{"line":85,"column":4},"end":{"line":85,"column":96}}],"line":85},"10":{"loc":{"start":{"line":89,"column":4},"end":{"line":89,"column":75}},"type":"if","locations":[{"start":{"line":89,"column":4},"end":{"line":89,"column":75}},{"start":{"line":89,"column":4},"end":{"line":89,"column":75}}],"line":89},"11":{"loc":{"start":{"line":89,"column":8},"end":{"line":89,"column":57}},"type":"binary-expr","locations":[{"start":{"line":89,"column":8},"end":{"line":89,"column":34}},{"start":{"line":89,"column":38},"end":{"line":89,"column":57}}],"line":89},"12":{"loc":{"start":{"line":90,"column":4},"end":{"line":90,"column":71}},"type":"if","locations":[{"start":{"line":90,"column":4},"end":{"line":90,"column":71}},{"start":{"line":90,"column":4},"end":{"line":90,"column":71}}],"line":90},"13":{"loc":{"start":{"line":90,"column":8},"end":{"line":90,"column":52}},"type":"binary-expr","locations":[{"start":{"line":90,"column":8},"end":{"line":90,"column":29}},{"start":{"line":90,"column":33},"end":{"line":90,"column":52}}],"line":90},"14":{"loc":{"start":{"line":91,"column":4},"end":{"line":107,"column":5}},"type":"if","locations":[{"start":{"line":91,"column":4},"end":{"line":107,"column":5}},{"start":{"line":91,"column":4},"end":{"line":107,"column":5}}],"line":91},"15":{"loc":{"start":{"line":134,"column":4},"end":{"line":134,"column":76}},"type":"if","locations":[{"start":{"line":134,"column":4},"end":{"line":134,"column":76}},{"start":{"line":134,"column":4},"end":{"line":134,"column":76}}],"line":134},"16":{"loc":{"start":{"line":134,"column":8},"end":{"line":134,"column":58}},"type":"binary-expr","locations":[{"start":{"line":134,"column":8},"end":{"line":134,"column":34}},{"start":{"line":134,"column":38},"end":{"line":134,"column":58}}],"line":134},"17":{"loc":{"start":{"line":135,"column":4},"end":{"line":135,"column":76}},"type":"if","locations":[{"start":{"line":135,"column":4},"end":{"line":135,"column":76}},{"start":{"line":135,"column":4},"end":{"line":135,"column":76}}],"line":135},"18":{"loc":{"start":{"line":135,"column":8},"end":{"line":135,"column":56}},"type":"binary-expr","locations":[{"start":{"line":135,"column":8},"end":{"line":135,"column":32}},{"start":{"line":135,"column":36},"end":{"line":135,"column":56}}],"line":135},"19":{"loc":{"start":{"line":136,"column":4},"end":{"line":146,"column":5}},"type":"if","locations":[{"start":{"line":136,"column":4},"end":{"line":146,"column":5}},{"start":{"line":136,"column":4},"end":{"line":146,"column":5}}],"line":136},"20":{"loc":{"start":{"line":158,"column":4},"end":{"line":173,"column":5}},"type":"if","locations":[{"start":{"line":158,"column":4},"end":{"line":173,"column":5}},{"start":{"line":158,"column":4},"end":{"line":173,"column":5}}],"line":158},"21":{"loc":{"start":{"line":178,"column":4},"end":{"line":184,"column":5}},"type":"if","locations":[{"start":{"line":178,"column":4},"end":{"line":184,"column":5}},{"start":{"line":178,"column":4},"end":{"line":184,"column":5}}],"line":178}},"s":{"0":5,"1":27,"2":24,"3":24,"4":0,"5":0,"6":24,"7":5,"8":8,"9":8,"10":8,"11":8,"12":5,"13":5,"14":8,"15":5,"16":3,"17":1,"18":1,"19":1,"20":5,"21":5,"22":5,"23":5,"24":0,"25":5,"26":0,"27":5,"28":0,"29":5,"30":5,"31":5,"32":1,"33":1,"34":1,"35":1,"36":0,"37":2,"38":1,"39":2,"40":1,"41":2,"42":1,"43":4,"44":1,"45":1,"46":1,"47":1,"48":1,"49":1,"50":1,"51":1,"52":2,"53":2,"54":0,"55":2,"56":0,"57":5,"58":1,"59":1,"60":1,"61":5,"62":1,"63":1,"64":1,"65":4,"66":3,"67":4,"68":3,"69":4,"70":3,"71":3,"72":3,"73":1,"74":1,"75":1,"76":4,"77":16,"78":0,"79":4,"80":5,"81":5,"82":0,"83":0,"84":0,"85":0,"86":5,"87":2,"88":0,"89":0},"f":{"0":27,"1":24,"2":8,"3":5,"4":8,"5":3,"6":5,"7":0,"8":0,"9":0,"10":1,"11":2,"12":4,"13":0,"14":0,"15":1,"16":1,"17":4,"18":16,"19":0,"20":5,"21":0,"22":0,"23":2,"24":0},"b":{"0":[6,21],"1":[27,6],"2":[24,0],"3":[0,0],"4":[0,8],"5":[0,8],"6":[4,1],"7":[5,5],"8":[1,1,1],"9":[0,1],"10":[1,1],"11":[2,1],"12":[1,1],"13":[2,1],"14":[1,1],"15":[3,1],"16":[4,3],"17":[3,1],"18":[4,3],"19":[3,1],"20":[0,5],"21":[0,2]},"_coverageSchema":"1a1c01bbd47fc00a2c39e90264f33305004495a9","hash":"d001cb460860112f1b5c5fee61a4704c01e5d7c0"}
,"/Users/admin/Desktop/OC | Front-End/billed-app - P9/src/containers/Login.js": {"path":"/Users/admin/Desktop/OC | Front-End/billed-app - P9/src/containers/Login.js","statementMap":{"0":{"start":{"line":3,"column":31},"end":{"line":3,"column":33}},"1":{"start":{"line":15,"column":4},"end":{"line":15,"column":28}},"2":{"start":{"line":16,"column":4},"end":{"line":16,"column":36}},"3":{"start":{"line":17,"column":4},"end":{"line":17,"column":32}},"4":{"start":{"line":18,"column":4},"end":{"line":18,"column":46}},"5":{"start":{"line":19,"column":4},"end":{"line":19,"column":30}},"6":{"start":{"line":21,"column":25},"end":{"line":21,"column":89}},"7":{"start":{"line":22,"column":4},"end":{"line":22,"column":70}},"8":{"start":{"line":24,"column":22},"end":{"line":24,"column":83}},"9":{"start":{"line":25,"column":4},"end":{"line":25,"column":64}},"10":{"start":{"line":27,"column":25},"end":{"line":42,"column":3}},"11":{"start":{"line":28,"column":17},"end":{"line":33,"column":5}},"12":{"start":{"line":34,"column":4},"end":{"line":34,"column":59}},"13":{"start":{"line":35,"column":23},"end":{"line":35,"column":51}},"14":{"start":{"line":36,"column":4},"end":{"line":36,"column":42}},"15":{"start":{"line":36,"column":21},"end":{"line":36,"column":42}},"16":{"start":{"line":37,"column":4},"end":{"line":37,"column":22}},"17":{"start":{"line":38,"column":4},"end":{"line":38,"column":41}},"18":{"start":{"line":39,"column":4},"end":{"line":39,"column":49}},"19":{"start":{"line":40,"column":4},"end":{"line":40,"column":46}},"20":{"start":{"line":41,"column":4},"end":{"line":41,"column":51}},"21":{"start":{"line":44,"column":22},"end":{"line":60,"column":3}},"22":{"start":{"line":45,"column":17},"end":{"line":51,"column":5}},"23":{"start":{"line":52,"column":4},"end":{"line":52,"column":59}},"24":{"start":{"line":53,"column":23},"end":{"line":53,"column":51}},"25":{"start":{"line":54,"column":4},"end":{"line":54,"column":42}},"26":{"start":{"line":54,"column":21},"end":{"line":54,"column":42}},"27":{"start":{"line":55,"column":4},"end":{"line":55,"column":22}},"28":{"start":{"line":56,"column":4},"end":{"line":56,"column":45}},"29":{"start":{"line":57,"column":4},"end":{"line":57,"column":53}},"30":{"start":{"line":58,"column":4},"end":{"line":58,"column":46}},"31":{"start":{"line":59,"column":4},"end":{"line":59,"column":46}},"32":{"start":{"line":63,"column":22},"end":{"line":80,"column":3}},"33":{"start":{"line":64,"column":4},"end":{"line":79,"column":5}},"34":{"start":{"line":65,"column":6},"end":{"line":76,"column":28}},"35":{"start":{"line":69,"column":8},"end":{"line":74,"column":9}},"36":{"start":{"line":70,"column":10},"end":{"line":70,"column":55}},"37":{"start":{"line":71,"column":10},"end":{"line":71,"column":21}},"38":{"start":{"line":73,"column":10},"end":{"line":73,"column":22}},"39":{"start":{"line":76,"column":22},"end":{"line":76,"column":27}},"40":{"start":{"line":78,"column":6},"end":{"line":78,"column":17}},"41":{"start":{"line":83,"column":15},"end":{"line":97,"column":3}},"42":{"start":{"line":84,"column":4},"end":{"line":96,"column":5}},"43":{"start":{"line":85,"column":6},"end":{"line":93,"column":28}},"44":{"start":{"line":92,"column":18},"end":{"line":92,"column":67}},"45":{"start":{"line":93,"column":22},"end":{"line":93,"column":27}},"46":{"start":{"line":95,"column":6},"end":{"line":95,"column":17}}},"fnMap":{"0":{"name":"(anonymous_0)","decl":{"start":{"line":7,"column":2},"end":{"line":7,"column":3}},"loc":{"start":{"line":13,"column":5},"end":{"line":26,"column":3}},"line":13},"1":{"name":"(anonymous_1)","decl":{"start":{"line":27,"column":25},"end":{"line":27,"column":26}},"loc":{"start":{"line":27,"column":30},"end":{"line":42,"column":3}},"line":27},"2":{"name":"(anonymous_2)","decl":{"start":{"line":44,"column":22},"end":{"line":44,"column":23}},"loc":{"start":{"line":44,"column":27},"end":{"line":60,"column":3}},"line":44},"3":{"name":"(anonymous_3)","decl":{"start":{"line":63,"column":22},"end":{"line":63,"column":23}},"loc":{"start":{"line":63,"column":32},"end":{"line":80,"column":3}},"line":63},"4":{"name":"(anonymous_4)","decl":{"start":{"line":68,"column":12},"end":{"line":68,"column":13}},"loc":{"start":{"line":68,"column":21},"end":{"line":75,"column":7}},"line":68},"5":{"name":"(anonymous_5)","decl":{"start":{"line":76,"column":13},"end":{"line":76,"column":14}},"loc":{"start":{"line":76,"column":22},"end":{"line":76,"column":27}},"line":76},"6":{"name":"(anonymous_6)","decl":{"start":{"line":83,"column":15},"end":{"line":83,"column":16}},"loc":{"start":{"line":83,"column":25},"end":{"line":97,"column":3}},"line":83},"7":{"name":"(anonymous_7)","decl":{"start":{"line":92,"column":12},"end":{"line":92,"column":13}},"loc":{"start":{"line":92,"column":18},"end":{"line":92,"column":67}},"line":92},"8":{"name":"(anonymous_8)","decl":{"start":{"line":93,"column":13},"end":{"line":93,"column":14}},"loc":{"start":{"line":93,"column":22},"end":{"line":93,"column":27}},"line":93}},"branchMap":{"0":{"loc":{"start":{"line":36,"column":4},"end":{"line":36,"column":42}},"type":"if","locations":[{"start":{"line":36,"column":4},"end":{"line":36,"column":42}},{"start":{"line":36,"column":4},"end":{"line":36,"column":42}}],"line":36},"1":{"loc":{"start":{"line":54,"column":4},"end":{"line":54,"column":42}},"type":"if","locations":[{"start":{"line":54,"column":4},"end":{"line":54,"column":42}},{"start":{"line":54,"column":4},"end":{"line":54,"column":42}}],"line":54},"2":{"loc":{"start":{"line":64,"column":4},"end":{"line":79,"column":5}},"type":"if","locations":[{"start":{"line":64,"column":4},"end":{"line":79,"column":5}},{"start":{"line":64,"column":4},"end":{"line":79,"column":5}}],"line":64},"3":{"loc":{"start":{"line":69,"column":8},"end":{"line":74,"column":9}},"type":"if","locations":[{"start":{"line":69,"column":8},"end":{"line":74,"column":9}},{"start":{"line":69,"column":8},"end":{"line":74,"column":9}}],"line":69},"4":{"loc":{"start":{"line":84,"column":4},"end":{"line":96,"column":5}},"type":"if","locations":[{"start":{"line":84,"column":4},"end":{"line":96,"column":5}},{"start":{"line":84,"column":4},"end":{"line":96,"column":5}}],"line":84}},"s":{"0":1,"1":2,"2":2,"3":2,"4":2,"5":2,"6":2,"7":2,"8":2,"9":2,"10":2,"11":2,"12":2,"13":2,"14":2,"15":2,"16":2,"17":2,"18":2,"19":2,"20":2,"21":2,"22":2,"23":2,"24":2,"25":2,"26":2,"27":2,"28":2,"29":2,"30":2,"31":2,"32":2,"33":4,"34":0,"35":0,"36":0,"37":0,"38":0,"39":0,"40":4,"41":2,"42":4,"43":0,"44":0,"45":0,"46":4},"f":{"0":2,"1":2,"2":2,"3":4,"4":0,"5":0,"6":4,"7":0,"8":0},"b":{"0":[2,0],"1":[2,0],"2":[0,4],"3":[0,0],"4":[0,4]},"_coverageSchema":"1a1c01bbd47fc00a2c39e90264f33305004495a9","hash":"062a8fe78b4a9efd94bd663777ce9aa68e26195f"}
,"/Users/admin/Desktop/OC | Front-End/billed-app - P9/src/containers/Logout.js": {"path":"/Users/admin/Desktop/OC | Front-End/billed-app - P9/src/containers/Logout.js","statementMap":{"0":{"start":{"line":5,"column":4},"end":{"line":5,"column":28}},"1":{"start":{"line":6,"column":4},"end":{"line":6,"column":32}},"2":{"start":{"line":7,"column":4},"end":{"line":7,"column":36}},"3":{"start":{"line":8,"column":4},"end":{"line":8,"column":51}},"4":{"start":{"line":11,"column":16},"end":{"line":14,"column":3}},"5":{"start":{"line":12,"column":4},"end":{"line":12,"column":29}},"6":{"start":{"line":13,"column":4},"end":{"line":13,"column":41}}},"fnMap":{"0":{"name":"(anonymous_0)","decl":{"start":{"line":4,"column":2},"end":{"line":4,"column":3}},"loc":{"start":{"line":4,"column":54},"end":{"line":9,"column":3}},"line":4},"1":{"name":"(anonymous_1)","decl":{"start":{"line":11,"column":16},"end":{"line":11,"column":17}},"loc":{"start":{"line":11,"column":23},"end":{"line":14,"column":3}},"line":11}},"branchMap":{},"s":{"0":6,"1":6,"2":6,"3":6,"4":6,"5":2,"6":2},"f":{"0":6,"1":2},"b":{},"_coverageSchema":"1a1c01bbd47fc00a2c39e90264f33305004495a9","hash":"6ef384b026a3dda90881b26e0cdeea45927652c0"}
,"/Users/admin/Desktop/OC | Front-End/billed-app - P9/src/containers/NewBill.js": {"path":"/Users/admin/Desktop/OC | Front-End/billed-app - P9/src/containers/NewBill.js","statementMap":{"0":{"start":{"line":7,"column":4},"end":{"line":7,"column":28}},"1":{"start":{"line":8,"column":4},"end":{"line":8,"column":32}},"2":{"start":{"line":9,"column":4},"end":{"line":9,"column":30}},"3":{"start":{"line":11,"column":24},"end":{"line":11,"column":88}},"4":{"start":{"line":12,"column":4},"end":{"line":12,"column":61}},"5":{"start":{"line":14,"column":17},"end":{"line":14,"column":73}},"6":{"start":{"line":15,"column":4},"end":{"line":15,"column":58}},"7":{"start":{"line":17,"column":4},"end":{"line":17,"column":23}},"8":{"start":{"line":18,"column":4},"end":{"line":18,"column":24}},"9":{"start":{"line":20,"column":4},"end":{"line":20,"column":54}},"10":{"start":{"line":23,"column":21},"end":{"line":45,"column":3}},"11":{"start":{"line":24,"column":17},"end":{"line":24,"column":82}},"12":{"start":{"line":25,"column":21},"end":{"line":25,"column":48}},"13":{"start":{"line":26,"column":21},"end":{"line":26,"column":50}},"14":{"start":{"line":28,"column":4},"end":{"line":44,"column":5}},"15":{"start":{"line":33,"column":8},"end":{"line":41,"column":10}},"16":{"start":{"line":37,"column":26},"end":{"line":37,"column":55}},"17":{"start":{"line":39,"column":10},"end":{"line":39,"column":28}},"18":{"start":{"line":40,"column":10},"end":{"line":40,"column":34}},"19":{"start":{"line":43,"column":8},"end":{"line":43,"column":27}},"20":{"start":{"line":47,"column":17},"end":{"line":69,"column":3}},"21":{"start":{"line":48,"column":4},"end":{"line":48,"column":22}},"22":{"start":{"line":50,"column":4},"end":{"line":50,"column":42}},"23":{"start":{"line":50,"column":30},"end":{"line":50,"column":42}},"24":{"start":{"line":52,"column":18},"end":{"line":52,"column":64}},"25":{"start":{"line":53,"column":17},"end":{"line":65,"column":5}},"26":{"start":{"line":67,"column":4},"end":{"line":67,"column":25}},"27":{"start":{"line":68,"column":4},"end":{"line":68,"column":41}},"28":{"start":{"line":72,"column":15},"end":{"line":82,"column":3}},"29":{"start":{"line":73,"column":4},"end":{"line":81,"column":5}},"30":{"start":{"line":74,"column":6},"end":{"line":80,"column":28}},"31":{"start":{"line":78,"column":8},"end":{"line":78,"column":45}},"32":{"start":{"line":80,"column":22},"end":{"line":80,"column":27}}},"fnMap":{"0":{"name":"(anonymous_0)","decl":{"start":{"line":5,"column":2},"end":{"line":5,"column":3}},"loc":{"start":{"line":5,"column":65},"end":{"line":21,"column":3}},"line":5},"1":{"name":"(anonymous_1)","decl":{"start":{"line":23,"column":21},"end":{"line":23,"column":22}},"loc":{"start":{"line":23,"column":26},"end":{"line":45,"column":3}},"line":23},"2":{"name":"(anonymous_2)","decl":{"start":{"line":37,"column":14},"end":{"line":37,"column":15}},"loc":{"start":{"line":37,"column":26},"end":{"line":37,"column":55}},"line":37},"3":{"name":"(anonymous_3)","decl":{"start":{"line":38,"column":14},"end":{"line":38,"column":15}},"loc":{"start":{"line":38,"column":21},"end":{"line":41,"column":9}},"line":38},"4":{"name":"(anonymous_4)","decl":{"start":{"line":47,"column":17},"end":{"line":47,"column":18}},"loc":{"start":{"line":47,"column":22},"end":{"line":69,"column":3}},"line":47},"5":{"name":"(anonymous_5)","decl":{"start":{"line":72,"column":15},"end":{"line":72,"column":16}},"loc":{"start":{"line":72,"column":25},"end":{"line":82,"column":3}},"line":72},"6":{"name":"(anonymous_6)","decl":{"start":{"line":77,"column":12},"end":{"line":77,"column":13}},"loc":{"start":{"line":77,"column":18},"end":{"line":79,"column":7}},"line":77},"7":{"name":"(anonymous_7)","decl":{"start":{"line":80,"column":13},"end":{"line":80,"column":14}},"loc":{"start":{"line":80,"column":22},"end":{"line":80,"column":27}},"line":80}},"branchMap":{"0":{"loc":{"start":{"line":28,"column":4},"end":{"line":44,"column":5}},"type":"if","locations":[{"start":{"line":28,"column":4},"end":{"line":44,"column":5}},{"start":{"line":28,"column":4},"end":{"line":44,"column":5}}],"line":28},"1":{"loc":{"start":{"line":29,"column":6},"end":{"line":31,"column":42}},"type":"binary-expr","locations":[{"start":{"line":29,"column":6},"end":{"line":29,"column":41}},{"start":{"line":30,"column":6},"end":{"line":30,"column":41}},{"start":{"line":31,"column":6},"end":{"line":31,"column":42}}],"line":29},"2":{"loc":{"start":{"line":50,"column":4},"end":{"line":50,"column":42}},"type":"if","locations":[{"start":{"line":50,"column":4},"end":{"line":50,"column":42}},{"start":{"line":50,"column":4},"end":{"line":50,"column":42}}],"line":50},"3":{"loc":{"start":{"line":60,"column":11},"end":{"line":60,"column":83}},"type":"binary-expr","locations":[{"start":{"line":60,"column":11},"end":{"line":60,"column":77}},{"start":{"line":60,"column":81},"end":{"line":60,"column":83}}],"line":60},"4":{"loc":{"start":{"line":73,"column":4},"end":{"line":81,"column":5}},"type":"if","locations":[{"start":{"line":73,"column":4},"end":{"line":81,"column":5}},{"start":{"line":73,"column":4},"end":{"line":81,"column":5}}],"line":73}},"s":{"0":0,"1":0,"2":0,"3":0,"4":0,"5":0,"6":0,"7":0,"8":0,"9":0,"10":0,"11":0,"12":0,"13":0,"14":0,"15":0,"16":0,"17":0,"18":0,"19":0,"20":0,"21":0,"22":0,"23":0,"24":0,"25":0,"26":0,"27":0,"28":0,"29":0,"30":0,"31":0,"32":0},"f":{"0":0,"1":0,"2":0,"3":0,"4":0,"5":0,"6":0,"7":0},"b":{"0":[0,0],"1":[0,0,0],"2":[0,0],"3":[0,0],"4":[0,0]},"_coverageSchema":"1a1c01bbd47fc00a2c39e90264f33305004495a9","hash":"60f894eb6d1ad6800168117219ce754ed49a013f"}
,"/Users/admin/Desktop/OC | Front-End/billed-app - P9/src/containers/TRY.js": {"path":"/Users/admin/Desktop/OC | Front-End/billed-app - P9/src/containers/TRY.js","statementMap":{"0":{"start":{"line":7,"column":2},"end":{"line":7,"column":27}},"1":{"start":{"line":8,"column":2},"end":{"line":8,"column":31}},"2":{"start":{"line":9,"column":2},"end":{"line":9,"column":29}},"3":{"start":{"line":10,"column":24},"end":{"line":12,"column":3}},"4":{"start":{"line":13,"column":2},"end":{"line":14,"column":68}},"5":{"start":{"line":14,"column":3},"end":{"line":14,"column":68}},"6":{"start":{"line":15,"column":18},"end":{"line":17,"column":3}},"7":{"start":{"line":18,"column":2},"end":{"line":23,"column":6}},"8":{"start":{"line":19,"column":3},"end":{"line":23,"column":6}},"9":{"start":{"line":20,"column":4},"end":{"line":22,"column":6}},"10":{"start":{"line":21,"column":5},"end":{"line":21,"column":34}},"11":{"start":{"line":24,"column":2},"end":{"line":24,"column":53}},"12":{"start":{"line":27,"column":22},"end":{"line":29,"column":2}},"13":{"start":{"line":28,"column":2},"end":{"line":28,"column":42}},"14":{"start":{"line":31,"column":22},"end":{"line":40,"column":2}},"15":{"start":{"line":32,"column":18},"end":{"line":32,"column":52}},"16":{"start":{"line":33,"column":19},"end":{"line":33,"column":61}},"17":{"start":{"line":34,"column":2},"end":{"line":38,"column":5}},"18":{"start":{"line":39,"column":2},"end":{"line":39,"column":33}}},"fnMap":{"0":{"name":"(anonymous_0)","decl":{"start":{"line":6,"column":1},"end":{"line":6,"column":2}},"loc":{"start":{"line":6,"column":64},"end":{"line":25,"column":2}},"line":6},"1":{"name":"(anonymous_1)","decl":{"start":{"line":19,"column":19},"end":{"line":19,"column":20}},"loc":{"start":{"line":19,"column":29},"end":{"line":23,"column":4}},"line":19},"2":{"name":"(anonymous_2)","decl":{"start":{"line":20,"column":35},"end":{"line":20,"column":36}},"loc":{"start":{"line":21,"column":5},"end":{"line":21,"column":34}},"line":21},"3":{"name":"(anonymous_3)","decl":{"start":{"line":27,"column":22},"end":{"line":27,"column":23}},"loc":{"start":{"line":27,"column":29},"end":{"line":29,"column":2}},"line":27},"4":{"name":"(anonymous_4)","decl":{"start":{"line":31,"column":22},"end":{"line":31,"column":23}},"loc":{"start":{"line":31,"column":32},"end":{"line":40,"column":2}},"line":31}},"branchMap":{"0":{"loc":{"start":{"line":13,"column":2},"end":{"line":14,"column":68}},"type":"if","locations":[{"start":{"line":13,"column":2},"end":{"line":14,"column":68}},{"start":{"line":13,"column":2},"end":{"line":14,"column":68}}],"line":13},"1":{"loc":{"start":{"line":18,"column":2},"end":{"line":23,"column":6}},"type":"if","locations":[{"start":{"line":18,"column":2},"end":{"line":23,"column":6}},{"start":{"line":18,"column":2},"end":{"line":23,"column":6}}],"line":18}},"s":{"0":0,"1":0,"2":0,"3":0,"4":0,"5":0,"6":0,"7":0,"8":0,"9":0,"10":0,"11":0,"12":0,"13":0,"14":0,"15":0,"16":0,"17":0,"18":0},"f":{"0":0,"1":0,"2":0,"3":0,"4":0},"b":{"0":[0,0],"1":[0,0]}}
,"/Users/admin/Desktop/OC | Front-End/billed-app - P9/src/views/Actions.js": {"path":"/Users/admin/Desktop/OC | Front-End/billed-app - P9/src/views/Actions.js","statementMap":{"0":{"start":{"line":5,"column":2},"end":{"line":11,"column":3}}},"fnMap":{"0":{"name":"(anonymous_0)","decl":{"start":{"line":4,"column":15},"end":{"line":4,"column":16}},"loc":{"start":{"line":4,"column":28},"end":{"line":12,"column":1}},"line":4}},"branchMap":{},"s":{"0":6},"f":{"0":6},"b":{},"_coverageSchema":"1a1c01bbd47fc00a2c39e90264f33305004495a9","hash":"4d10ded326061792f07c213d8d56c9c25a62f89b"}
,"/Users/admin/Desktop/OC | Front-End/billed-app - P9/src/views/BillsUI.js": {"path":"/Users/admin/Desktop/OC | Front-End/billed-app - P9/src/views/BillsUI.js","statementMap":{"0":{"start":{"line":7,"column":12},"end":{"line":20,"column":3}},"1":{"start":{"line":8,"column":2},"end":{"line":19,"column":6}},"2":{"start":{"line":22,"column":15},"end":{"line":31,"column":3}},"3":{"start":{"line":24,"column":6},"end":{"line":26,"column":12}},"4":{"start":{"line":25,"column":30},"end":{"line":25,"column":65}},"5":{"start":{"line":28,"column":4},"end":{"line":30,"column":11}},"6":{"start":{"line":29,"column":33},"end":{"line":29,"column":42}},"7":{"start":{"line":35,"column":16},"end":{"line":50,"column":4}},"8":{"start":{"line":35,"column":23},"end":{"line":50,"column":3}},"9":{"start":{"line":52,"column":2},"end":{"line":56,"column":3}},"10":{"start":{"line":53,"column":4},"end":{"line":53,"column":24}},"11":{"start":{"line":54,"column":9},"end":{"line":56,"column":3}},"12":{"start":{"line":55,"column":4},"end":{"line":55,"column":27}},"13":{"start":{"line":58,"column":2},"end":{"line":86,"column":3}}},"fnMap":{"0":{"name":"(anonymous_0)","decl":{"start":{"line":7,"column":12},"end":{"line":7,"column":13}},"loc":{"start":{"line":7,"column":22},"end":{"line":20,"column":3}},"line":7},"1":{"name":"(anonymous_1)","decl":{"start":{"line":22,"column":15},"end":{"line":22,"column":16}},"loc":{"start":{"line":22,"column":25},"end":{"line":31,"column":3}},"line":22},"2":{"name":"(anonymous_2)","decl":{"start":{"line":25,"column":20},"end":{"line":25,"column":21}},"loc":{"start":{"line":25,"column":30},"end":{"line":25,"column":65}},"line":25},"3":{"name":"(anonymous_3)","decl":{"start":{"line":29,"column":23},"end":{"line":29,"column":24}},"loc":{"start":{"line":29,"column":33},"end":{"line":29,"column":42}},"line":29},"4":{"name":"(anonymous_4)","decl":{"start":{"line":33,"column":15},"end":{"line":33,"column":16}},"loc":{"start":{"line":33,"column":52},"end":{"line":87,"column":1}},"line":33},"5":{"name":"(anonymous_5)","decl":{"start":{"line":35,"column":16},"end":{"line":35,"column":17}},"loc":{"start":{"line":35,"column":23},"end":{"line":50,"column":3}},"line":35}},"branchMap":{"0":{"loc":{"start":{"line":24,"column":6},"end":{"line":26,"column":12}},"type":"cond-expr","locations":[{"start":{"line":25,"column":10},"end":{"line":25,"column":66}},{"start":{"line":26,"column":10},"end":{"line":26,"column":12}}],"line":24},"1":{"loc":{"start":{"line":24,"column":6},"end":{"line":24,"column":25}},"type":"binary-expr","locations":[{"start":{"line":24,"column":6},"end":{"line":24,"column":10}},{"start":{"line":24,"column":14},"end":{"line":24,"column":25}}],"line":24},"2":{"loc":{"start":{"line":28,"column":11},"end":{"line":30,"column":10}},"type":"cond-expr","locations":[{"start":{"line":29,"column":8},"end":{"line":29,"column":52}},{"start":{"line":30,"column":8},"end":{"line":30,"column":10}}],"line":28},"3":{"loc":{"start":{"line":28,"column":11},"end":{"line":28,"column":30}},"type":"binary-expr","locations":[{"start":{"line":28,"column":11},"end":{"line":28,"column":15}},{"start":{"line":28,"column":19},"end":{"line":28,"column":30}}],"line":28},"4":{"loc":{"start":{"line":52,"column":2},"end":{"line":56,"column":3}},"type":"if","locations":[{"start":{"line":52,"column":2},"end":{"line":56,"column":3}},{"start":{"line":52,"column":2},"end":{"line":56,"column":3}}],"line":52},"5":{"loc":{"start":{"line":54,"column":9},"end":{"line":56,"column":3}},"type":"if","locations":[{"start":{"line":54,"column":9},"end":{"line":56,"column":3}},{"start":{"line":54,"column":9},"end":{"line":56,"column":3}}],"line":54}},"s":{"0":6,"1":4,"2":6,"3":5,"4":6,"5":5,"6":4,"7":5,"8":5,"9":5,"10":0,"11":5,"12":0,"13":5},"f":{"0":4,"1":5,"2":6,"3":4,"4":5,"5":5},"b":{"0":[1,4],"1":[5,3],"2":[1,4],"3":[5,3],"4":[0,5],"5":[0,5]},"_coverageSchema":"1a1c01bbd47fc00a2c39e90264f33305004495a9","hash":"1b7517711bfdb254bf9b9420649842ad316596bb"}
,"/Users/admin/Desktop/OC | Front-End/billed-app - P9/src/views/DashboardFormUI.js": {"path":"/Users/admin/Desktop/OC | Front-End/billed-app - P9/src/views/DashboardFormUI.js","statementMap":{"0":{"start":{"line":7,"column":21},"end":{"line":22,"column":4}},"1":{"start":{"line":7,"column":28},"end":{"line":22,"column":3}},"2":{"start":{"line":26,"column":2},"end":{"line":101,"column":4}}},"fnMap":{"0":{"name":"(anonymous_0)","decl":{"start":{"line":7,"column":21},"end":{"line":7,"column":22}},"loc":{"start":{"line":7,"column":28},"end":{"line":22,"column":3}},"line":7},"1":{"name":"(anonymous_1)","decl":{"start":{"line":24,"column":15},"end":{"line":24,"column":16}},"loc":{"start":{"line":24,"column":25},"end":{"line":102,"column":1}},"line":24}},"branchMap":{"0":{"loc":{"start":{"line":79,"column":9},"end":{"line":89,"column":9}},"type":"cond-expr","locations":[{"start":{"line":79,"column":38},"end":{"line":84,"column":8}},{"start":{"line":84,"column":13},"end":{"line":89,"column":8}}],"line":79},"1":{"loc":{"start":{"line":92,"column":8},"end":{"line":97,"column":13}},"type":"cond-expr","locations":[{"start":{"line":92,"column":37},"end":{"line":97,"column":7}},{"start":{"line":97,"column":11},"end":{"line":97,"column":13}}],"line":92}},"s":{"0":6,"1":8,"2":8},"f":{"0":8,"1":8},"b":{"0":[5,3],"1":[5,3]},"_coverageSchema":"1a1c01bbd47fc00a2c39e90264f33305004495a9","hash":"38da21c66f1d9bae59bd5c04fe0c018cf8611d66"}
,"/Users/admin/Desktop/OC | Front-End/billed-app - P9/src/views/DashboardUI.js": {"path":"/Users/admin/Desktop/OC | Front-End/billed-app - P9/src/views/DashboardUI.js","statementMap":{"0":{"start":{"line":10,"column":2},"end":{"line":14,"column":3}},"1":{"start":{"line":11,"column":4},"end":{"line":11,"column":24}},"2":{"start":{"line":12,"column":9},"end":{"line":14,"column":3}},"3":{"start":{"line":13,"column":4},"end":{"line":13,"column":27}},"4":{"start":{"line":16,"column":2},"end":{"line":48,"column":3}}},"fnMap":{"0":{"name":"(anonymous_0)","decl":{"start":{"line":8,"column":15},"end":{"line":8,"column":16}},"loc":{"start":{"line":8,"column":45},"end":{"line":49,"column":1}},"line":8}},"branchMap":{"0":{"loc":{"start":{"line":10,"column":2},"end":{"line":14,"column":3}},"type":"if","locations":[{"start":{"line":10,"column":2},"end":{"line":14,"column":3}},{"start":{"line":10,"column":2},"end":{"line":14,"column":3}}],"line":10},"1":{"loc":{"start":{"line":12,"column":9},"end":{"line":14,"column":3}},"type":"if","locations":[{"start":{"line":12,"column":9},"end":{"line":14,"column":3}},{"start":{"line":12,"column":9},"end":{"line":14,"column":3}}],"line":12},"2":{"loc":{"start":{"line":22,"column":45},"end":{"line":22,"column":63}},"type":"binary-expr","locations":[{"start":{"line":22,"column":45},"end":{"line":22,"column":49}},{"start":{"line":22,"column":53},"end":{"line":22,"column":63}}],"line":22},"3":{"loc":{"start":{"line":29,"column":43},"end":{"line":29,"column":61}},"type":"binary-expr","locations":[{"start":{"line":29,"column":43},"end":{"line":29,"column":47}},{"start":{"line":29,"column":51},"end":{"line":29,"column":61}}],"line":29},"4":{"loc":{"start":{"line":36,"column":43},"end":{"line":36,"column":61}},"type":"binary-expr","locations":[{"start":{"line":36,"column":43},"end":{"line":36,"column":47}},{"start":{"line":36,"column":51},"end":{"line":36,"column":61}}],"line":36}},"s":{"0":11,"1":1,"2":10,"3":3,"4":7},"f":{"0":11},"b":{"0":[1,10],"1":[3,7],"2":[7,2],"3":[7,2],"4":[7,2]},"_coverageSchema":"1a1c01bbd47fc00a2c39e90264f33305004495a9","hash":"8f3ff62e2a4cf360127d6eabbe890c1dd7bc8fc6"}
,"/Users/admin/Desktop/OC | Front-End/billed-app - P9/src/views/ErrorPage.js": {"path":"/Users/admin/Desktop/OC | Front-End/billed-app - P9/src/views/ErrorPage.js","statementMap":{"0":{"start":{"line":5,"column":2},"end":{"line":16,"column":3}}},"fnMap":{"0":{"name":"(anonymous_0)","decl":{"start":{"line":3,"column":15},"end":{"line":3,"column":16}},"loc":{"start":{"line":3,"column":26},"end":{"line":17,"column":1}},"line":3}},"branchMap":{"0":{"loc":{"start":{"line":13,"column":12},"end":{"line":13,"column":30}},"type":"cond-expr","locations":[{"start":{"line":13,"column":20},"end":{"line":13,"column":25}},{"start":{"line":13,"column":28},"end":{"line":13,"column":30}}],"line":13}},"s":{"0":5},"f":{"0":5},"b":{"0":[4,1]},"_coverageSchema":"1a1c01bbd47fc00a2c39e90264f33305004495a9","hash":"fdf3416e270a2dffd8b8b41064db4a7fd84fe5b4"}
,"/Users/admin/Desktop/OC | Front-End/billed-app - P9/src/views/LoadingPage.js": {"path":"/Users/admin/Desktop/OC | Front-End/billed-app - P9/src/views/LoadingPage.js","statementMap":{"0":{"start":{"line":5,"column":2},"end":{"line":12,"column":3}}},"fnMap":{"0":{"name":"(anonymous_0)","decl":{"start":{"line":3,"column":15},"end":{"line":3,"column":16}},"loc":{"start":{"line":3,"column":21},"end":{"line":13,"column":1}},"line":3}},"branchMap":{},"s":{"0":2},"f":{"0":2},"b":{},"_coverageSchema":"1a1c01bbd47fc00a2c39e90264f33305004495a9","hash":"ffbcf590a929cbd7dcd6073a7a94a3f8cd6ba76c"}
,"/Users/admin/Desktop/OC | Front-End/billed-app - P9/src/views/LoginUI.js": {"path":"/Users/admin/Desktop/OC | Front-End/billed-app - P9/src/views/LoginUI.js","statementMap":{"0":{"start":{"line":4,"column":2},"end":{"line":46,"column":4}}},"fnMap":{"0":{"name":"(anonymous_0)","decl":{"start":{"line":2,"column":15},"end":{"line":2,"column":16}},"loc":{"start":{"line":2,"column":21},"end":{"line":47,"column":1}},"line":2}},"branchMap":{},"s":{"0":10},"f":{"0":10},"b":{},"_coverageSchema":"1a1c01bbd47fc00a2c39e90264f33305004495a9","hash":"3e280cb151345f1c3fc1e55b08b970e06ecaa682"}
,"/Users/admin/Desktop/OC | Front-End/billed-app - P9/src/views/NewBillUI.js": {"path":"/Users/admin/Desktop/OC | Front-End/billed-app - P9/src/views/NewBillUI.js","statementMap":{"0":{"start":{"line":5,"column":2},"end":{"line":73,"column":4}}},"fnMap":{"0":{"name":"(anonymous_0)","decl":{"start":{"line":3,"column":15},"end":{"line":3,"column":16}},"loc":{"start":{"line":3,"column":21},"end":{"line":74,"column":1}},"line":3}},"branchMap":{},"s":{"0":2},"f":{"0":2},"b":{},"_coverageSchema":"1a1c01bbd47fc00a2c39e90264f33305004495a9","hash":"594bde135d211ccbda873d6d306257993b50e5ad"}
,"/Users/admin/Desktop/OC | Front-End/billed-app - P9/src/views/VerticalLayout.js": {"path":"/Users/admin/Desktop/OC | Front-End/billed-app - P9/src/views/VerticalLayout.js","statementMap":{"0":{"start":{"line":7,"column":1},"end":{"line":7,"column":49}},"1":{"start":{"line":8,"column":1},"end":{"line":10,"column":2}},"2":{"start":{"line":9,"column":2},"end":{"line":9,"column":26}},"3":{"start":{"line":11,"column":1},"end":{"line":35,"column":2}},"4":{"start":{"line":12,"column":2},"end":{"line":25,"column":10}},"5":{"start":{"line":27,"column":2},"end":{"line":34,"column":9}}},"fnMap":{"0":{"name":"(anonymous_0)","decl":{"start":{"line":5,"column":15},"end":{"line":5,"column":16}},"loc":{"start":{"line":5,"column":27},"end":{"line":36,"column":1}},"line":5}},"branchMap":{"0":{"loc":{"start":{"line":8,"column":1},"end":{"line":10,"column":2}},"type":"if","locations":[{"start":{"line":8,"column":1},"end":{"line":10,"column":2}},{"start":{"line":8,"column":1},"end":{"line":10,"column":2}}],"line":8},"1":{"loc":{"start":{"line":11,"column":1},"end":{"line":35,"column":2}},"type":"if","locations":[{"start":{"line":11,"column":1},"end":{"line":35,"column":2}},{"start":{"line":11,"column":1},"end":{"line":35,"column":2}}],"line":11},"2":{"loc":{"start":{"line":11,"column":5},"end":{"line":11,"column":37}},"type":"binary-expr","locations":[{"start":{"line":11,"column":5},"end":{"line":11,"column":9}},{"start":{"line":11,"column":13},"end":{"line":11,"column":37}}],"line":11}},"s":{"0":22,"1":22,"2":7,"3":22,"4":1,"5":21},"f":{"0":22},"b":{"0":[7,15],"1":[1,21],"2":[22,7]},"_coverageSchema":"1a1c01bbd47fc00a2c39e90264f33305004495a9","hash":"9578ffe9cf8a3a5a5757c47acc3689ae05cb9e35"}
}
