{"/Users/admin/Desktop/OC | Front-End/billed-app - P9/src/constants/routes.js": {"path":"/Users/admin/Desktop/OC | Front-End/billed-app - P9/src/constants/routes.js","statementMap":{"0":{"start":{"line":6,"column":27},"end":{"line":11,"column":1}},"1":{"start":{"line":13,"column":22},"end":{"line":26,"column":1}},"2":{"start":{"line":14,"column":2},"end":{"line":25,"column":3}},"3":{"start":{"line":16,"column":6},"end":{"line":16,"column":46}},"4":{"start":{"line":18,"column":6},"end":{"line":18,"column":46}},"5":{"start":{"line":20,"column":6},"end":{"line":20,"column":24}},"6":{"start":{"line":22,"column":6},"end":{"line":22,"column":50}},"7":{"start":{"line":24,"column":6},"end":{"line":24,"column":46}}},"fnMap":{"0":{"name":"(anonymous_0)","decl":{"start":{"line":13,"column":22},"end":{"line":13,"column":23}},"loc":{"start":{"line":13,"column":62},"end":{"line":26,"column":1}},"line":13}},"branchMap":{"0":{"loc":{"start":{"line":14,"column":2},"end":{"line":25,"column":3}},"type":"switch","locations":[{"start":{"line":15,"column":4},"end":{"line":16,"column":46}},{"start":{"line":17,"column":4},"end":{"line":18,"column":46}},{"start":{"line":19,"column":4},"end":{"line":20,"column":24}},{"start":{"line":21,"column":4},"end":{"line":22,"column":50}},{"start":{"line":23,"column":4},"end":{"line":24,"column":46}}],"line":14}},"s":{"0":6,"1":6,"2":16,"3":3,"4":5,"5":2,"6":5,"7":1},"f":{"0":16},"b":{"0":[3,5,2,5,1]},"_coverageSchema":"1a1c01bbd47fc00a2c39e90264f33305004495a9","hash":"91fbc55ea2f9b7673b8b4531f9dc2998c3b52d0a"}
,"/Users/admin/Desktop/OC | Front-End/billed-app - P9/src/constants/usersTest.js": {"path":"/Users/admin/Desktop/OC | Front-End/billed-app - P9/src/constants/usersTest.js","statementMap":{},"fnMap":{},"branchMap":{},"s":{},"f":{},"b":{},"_coverageSchema":"1a1c01bbd47fc00a2c39e90264f33305004495a9","hash":"7a27f060c4db63ca5a8fbd241aa77c81b325f0c8"}
,"/Users/admin/Desktop/OC | Front-End/billed-app - P9/src/containers/Bills.js": {"path":"/Users/admin/Desktop/OC | Front-End/billed-app - P9/src/containers/Bills.js","statementMap":{"0":{"start":{"line":8,"column":4},"end":{"line":8,"column":28}},"1":{"start":{"line":9,"column":4},"end":{"line":9,"column":32}},"2":{"start":{"line":10,"column":4},"end":{"line":10,"column":30}},"3":{"start":{"line":12,"column":26},"end":{"line":12,"column":77}},"4":{"start":{"line":14,"column":4},"end":{"line":16,"column":5}},"5":{"start":{"line":15,"column":6},"end":{"line":15,"column":70}},"6":{"start":{"line":18,"column":20},"end":{"line":18,"column":76}},"7":{"start":{"line":20,"column":4},"end":{"line":22,"column":6}},"8":{"start":{"line":20,"column":17},"end":{"line":22,"column":6}},"9":{"start":{"line":21,"column":6},"end":{"line":21,"column":74}},"10":{"start":{"line":21,"column":44},"end":{"line":21,"column":73}},"11":{"start":{"line":24,"column":4},"end":{"line":24,"column":54}},"12":{"start":{"line":28,"column":23},"end":{"line":30,"column":3}},"13":{"start":{"line":29,"column":4},"end":{"line":29,"column":43}},"14":{"start":{"line":33,"column":23},"end":{"line":41,"column":3}},"15":{"start":{"line":34,"column":20},"end":{"line":34,"column":54}},"16":{"start":{"line":35,"column":21},"end":{"line":35,"column":63}},"17":{"start":{"line":36,"column":4},"end":{"line":38,"column":87}},"18":{"start":{"line":40,"column":4},"end":{"line":40,"column":34}}},"fnMap":{"0":{"name":"(anonymous_0)","decl":{"start":{"line":7,"column":2},"end":{"line":7,"column":3}},"loc":{"start":{"line":7,"column":65},"end":{"line":25,"column":3}},"line":7},"1":{"name":"(anonymous_1)","decl":{"start":{"line":20,"column":33},"end":{"line":20,"column":34}},"loc":{"start":{"line":20,"column":41},"end":{"line":22,"column":5}},"line":20},"2":{"name":"(anonymous_2)","decl":{"start":{"line":21,"column":37},"end":{"line":21,"column":38}},"loc":{"start":{"line":21,"column":44},"end":{"line":21,"column":73}},"line":21},"3":{"name":"(anonymous_3)","decl":{"start":{"line":28,"column":23},"end":{"line":28,"column":24}},"loc":{"start":{"line":28,"column":28},"end":{"line":30,"column":3}},"line":28},"4":{"name":"(anonymous_4)","decl":{"start":{"line":33,"column":23},"end":{"line":33,"column":24}},"loc":{"start":{"line":33,"column":31},"end":{"line":41,"column":3}},"line":33}},"branchMap":{"0":{"loc":{"start":{"line":14,"column":4},"end":{"line":16,"column":5}},"type":"if","locations":[{"start":{"line":14,"column":4},"end":{"line":16,"column":5}},{"start":{"line":14,"column":4},"end":{"line":16,"column":5}}],"line":14},"1":{"loc":{"start":{"line":20,"column":4},"end":{"line":22,"column":6}},"type":"if","locations":[{"start":{"line":20,"column":4},"end":{"line":22,"column":6}},{"start":{"line":20,"column":4},"end":{"line":22,"column":6}}],"line":20}},"s":{"0":2,"1":2,"2":2,"3":2,"4":2,"5":1,"6":2,"7":2,"8":2,"9":4,"10":1,"11":2,"12":2,"13":1,"14":2,"15":2,"16":2,"17":2,"18":2},"f":{"0":2,"1":4,"2":1,"3":1,"4":2},"b":{"0":[1,1],"1":[2,0]},"_coverageSchema":"1a1c01bbd47fc00a2c39e90264f33305004495a9","hash":"603623737b066ea77ab8604e5f42acbb773114ab"}
,"/Users/admin/Desktop/OC | Front-End/billed-app - P9/src/containers/Dashboard.js": {"path":"/Users/admin/Desktop/OC | Front-End/billed-app - P9/src/containers/Dashboard.js","statementMap":{"0":{"start":{"line":8,"column":29},"end":{"line":27,"column":1}},"1":{"start":{"line":9,"column":2},"end":{"line":26,"column":11}},"2":{"start":{"line":15,"column":6},"end":{"line":23,"column":7}},"3":{"start":{"line":16,"column":8},"end":{"line":16,"column":50}},"4":{"start":{"line":19,"column":26},"end":{"line":19,"column":72}},"5":{"start":{"line":20,"column":8},"end":{"line":22,"column":57}},"6":{"start":{"line":25,"column":6},"end":{"line":25,"column":28}},"7":{"start":{"line":29,"column":20},"end":{"line":55,"column":1}},"8":{"start":{"line":30,"column":28},"end":{"line":30,"column":52}},"9":{"start":{"line":31,"column":20},"end":{"line":33,"column":8}},"10":{"start":{"line":35,"column":19},"end":{"line":37,"column":23}},"11":{"start":{"line":39,"column":2},"end":{"line":54,"column":4}},"12":{"start":{"line":57,"column":21},"end":{"line":61,"column":1}},"13":{"start":{"line":58,"column":2},"end":{"line":60,"column":8}},"14":{"start":{"line":59,"column":24},"end":{"line":59,"column":34}},"15":{"start":{"line":63,"column":25},"end":{"line":72,"column":1}},"16":{"start":{"line":64,"column":2},"end":{"line":71,"column":3}},"17":{"start":{"line":66,"column":6},"end":{"line":66,"column":22}},"18":{"start":{"line":68,"column":6},"end":{"line":68,"column":23}},"19":{"start":{"line":70,"column":6},"end":{"line":70,"column":22}},"20":{"start":{"line":76,"column":4},"end":{"line":76,"column":28}},"21":{"start":{"line":77,"column":4},"end":{"line":77,"column":32}},"22":{"start":{"line":78,"column":4},"end":{"line":78,"column":30}},"23":{"start":{"line":80,"column":4},"end":{"line":80,"column":69}},"24":{"start":{"line":80,"column":33},"end":{"line":80,"column":68}},"25":{"start":{"line":81,"column":4},"end":{"line":81,"column":69}},"26":{"start":{"line":81,"column":33},"end":{"line":81,"column":68}},"27":{"start":{"line":82,"column":4},"end":{"line":82,"column":69}},"28":{"start":{"line":82,"column":33},"end":{"line":82,"column":68}},"29":{"start":{"line":84,"column":4},"end":{"line":84,"column":27}},"30":{"start":{"line":86,"column":4},"end":{"line":86,"column":44}},"31":{"start":{"line":89,"column":23},"end":{"line":98,"column":3}},"32":{"start":{"line":90,"column":20},"end":{"line":90,"column":58}},"33":{"start":{"line":91,"column":21},"end":{"line":91,"column":69}},"34":{"start":{"line":93,"column":4},"end":{"line":95,"column":94}},"35":{"start":{"line":97,"column":4},"end":{"line":97,"column":96}},"36":{"start":{"line":97,"column":60},"end":{"line":97,"column":96}},"37":{"start":{"line":130,"column":2},"end":{"line":130,"column":19}},"38":{"start":{"line":131,"column":2},"end":{"line":133,"column":4}},"39":{"start":{"line":132,"column":3},"end":{"line":132,"column":57}},"40":{"start":{"line":135,"column":2},"end":{"line":135,"column":58}},"41":{"start":{"line":136,"column":2},"end":{"line":136,"column":65}},"42":{"start":{"line":137,"column":2},"end":{"line":137,"column":48}},"43":{"start":{"line":138,"column":2},"end":{"line":138,"column":49}},"44":{"start":{"line":139,"column":2},"end":{"line":139,"column":70}},"45":{"start":{"line":139,"column":37},"end":{"line":139,"column":69}},"46":{"start":{"line":140,"column":2},"end":{"line":140,"column":70}},"47":{"start":{"line":140,"column":37},"end":{"line":140,"column":69}},"48":{"start":{"line":143,"column":23},"end":{"line":152,"column":3}},"49":{"start":{"line":144,"column":20},"end":{"line":148,"column":5}},"50":{"start":{"line":150,"column":4},"end":{"line":150,"column":28}},"51":{"start":{"line":151,"column":4},"end":{"line":151,"column":45}},"52":{"start":{"line":154,"column":23},"end":{"line":162,"column":3}},"53":{"start":{"line":155,"column":20},"end":{"line":159,"column":5}},"54":{"start":{"line":160,"column":4},"end":{"line":160,"column":28}},"55":{"start":{"line":161,"column":4},"end":{"line":161,"column":45}},"56":{"start":{"line":165,"column":4},"end":{"line":165,"column":76}},"57":{"start":{"line":165,"column":60},"end":{"line":165,"column":76}},"58":{"start":{"line":166,"column":4},"end":{"line":166,"column":76}},"59":{"start":{"line":166,"column":58},"end":{"line":166,"column":76}},"60":{"start":{"line":168,"column":4},"end":{"line":178,"column":5}},"61":{"start":{"line":169,"column":6},"end":{"line":169,"column":69}},"62":{"start":{"line":170,"column":6},"end":{"line":171,"column":65}},"63":{"start":{"line":172,"column":6},"end":{"line":172,"column":21}},"64":{"start":{"line":174,"column":6},"end":{"line":174,"column":70}},"65":{"start":{"line":175,"column":6},"end":{"line":176,"column":17}},"66":{"start":{"line":177,"column":6},"end":{"line":177,"column":21}},"67":{"start":{"line":180,"column":4},"end":{"line":182,"column":6}},"68":{"start":{"line":181,"column":6},"end":{"line":181,"column":83}},"69":{"start":{"line":181,"column":45},"end":{"line":181,"column":82}},"70":{"start":{"line":184,"column":4},"end":{"line":184,"column":16}}},"fnMap":{"0":{"name":"(anonymous_0)","decl":{"start":{"line":8,"column":29},"end":{"line":8,"column":30}},"loc":{"start":{"line":8,"column":47},"end":{"line":27,"column":1}},"line":8},"1":{"name":"(anonymous_1)","decl":{"start":{"line":10,"column":16},"end":{"line":10,"column":17}},"loc":{"start":{"line":10,"column":24},"end":{"line":26,"column":5}},"line":10},"2":{"name":"(anonymous_2)","decl":{"start":{"line":29,"column":20},"end":{"line":29,"column":21}},"loc":{"start":{"line":29,"column":30},"end":{"line":55,"column":1}},"line":29},"3":{"name":"(anonymous_3)","decl":{"start":{"line":57,"column":21},"end":{"line":57,"column":22}},"loc":{"start":{"line":57,"column":32},"end":{"line":61,"column":1}},"line":57},"4":{"name":"(anonymous_4)","decl":{"start":{"line":59,"column":16},"end":{"line":59,"column":17}},"loc":{"start":{"line":59,"column":24},"end":{"line":59,"column":34}},"line":59},"5":{"name":"(anonymous_5)","decl":{"start":{"line":63,"column":25},"end":{"line":63,"column":26}},"loc":{"start":{"line":63,"column":36},"end":{"line":72,"column":1}},"line":63},"6":{"name":"(anonymous_6)","decl":{"start":{"line":75,"column":2},"end":{"line":75,"column":3}},"loc":{"start":{"line":75,"column":72},"end":{"line":87,"column":3}},"line":75},"7":{"name":"(anonymous_7)","decl":{"start":{"line":80,"column":28},"end":{"line":80,"column":29}},"loc":{"start":{"line":80,"column":33},"end":{"line":80,"column":68}},"line":80},"8":{"name":"(anonymous_8)","decl":{"start":{"line":81,"column":28},"end":{"line":81,"column":29}},"loc":{"start":{"line":81,"column":33},"end":{"line":81,"column":68}},"line":81},"9":{"name":"(anonymous_9)","decl":{"start":{"line":82,"column":28},"end":{"line":82,"column":29}},"loc":{"start":{"line":82,"column":33},"end":{"line":82,"column":68}},"line":82},"10":{"name":"(anonymous_10)","decl":{"start":{"line":89,"column":23},"end":{"line":89,"column":24}},"loc":{"start":{"line":89,"column":29},"end":{"line":98,"column":3}},"line":89},"11":{"name":"(anonymous_11)","decl":{"start":{"line":128,"column":2},"end":{"line":128,"column":3}},"loc":{"start":{"line":128,"column":35},"end":{"line":141,"column":2}},"line":128},"12":{"name":"(anonymous_12)","decl":{"start":{"line":131,"column":16},"end":{"line":131,"column":17}},"loc":{"start":{"line":131,"column":21},"end":{"line":133,"column":3}},"line":131},"13":{"name":"(anonymous_13)","decl":{"start":{"line":139,"column":30},"end":{"line":139,"column":31}},"loc":{"start":{"line":139,"column":37},"end":{"line":139,"column":69}},"line":139},"14":{"name":"(anonymous_14)","decl":{"start":{"line":140,"column":30},"end":{"line":140,"column":31}},"loc":{"start":{"line":140,"column":37},"end":{"line":140,"column":69}},"line":140},"15":{"name":"(anonymous_15)","decl":{"start":{"line":143,"column":23},"end":{"line":143,"column":24}},"loc":{"start":{"line":143,"column":36},"end":{"line":152,"column":3}},"line":143},"16":{"name":"(anonymous_16)","decl":{"start":{"line":154,"column":23},"end":{"line":154,"column":24}},"loc":{"start":{"line":154,"column":36},"end":{"line":162,"column":3}},"line":154},"17":{"name":"(anonymous_17)","decl":{"start":{"line":164,"column":2},"end":{"line":164,"column":3}},"loc":{"start":{"line":164,"column":37},"end":{"line":185,"column":3}},"line":164},"18":{"name":"(anonymous_18)","decl":{"start":{"line":180,"column":18},"end":{"line":180,"column":19}},"loc":{"start":{"line":180,"column":26},"end":{"line":182,"column":5}},"line":180},"19":{"name":"(anonymous_19)","decl":{"start":{"line":181,"column":38},"end":{"line":181,"column":39}},"loc":{"start":{"line":181,"column":45},"end":{"line":181,"column":82}},"line":181}},"branchMap":{"0":{"loc":{"start":{"line":9,"column":9},"end":{"line":26,"column":11}},"type":"cond-expr","locations":[{"start":{"line":10,"column":4},"end":{"line":26,"column":6}},{"start":{"line":26,"column":9},"end":{"line":26,"column":11}}],"line":9},"1":{"loc":{"start":{"line":9,"column":10},"end":{"line":9,"column":29}},"type":"binary-expr","locations":[{"start":{"line":9,"column":10},"end":{"line":9,"column":14}},{"start":{"line":9,"column":18},"end":{"line":9,"column":29}}],"line":9},"2":{"loc":{"start":{"line":15,"column":6},"end":{"line":23,"column":7}},"type":"if","locations":[{"start":{"line":15,"column":6},"end":{"line":23,"column":7}},{"start":{"line":15,"column":6},"end":{"line":23,"column":7}}],"line":15},"3":{"loc":{"start":{"line":21,"column":10},"end":{"line":22,"column":57}},"type":"binary-expr","locations":[{"start":{"line":21,"column":11},"end":{"line":21,"column":33}},{"start":{"line":22,"column":10},"end":{"line":22,"column":57}}],"line":21},"4":{"loc":{"start":{"line":31,"column":20},"end":{"line":33,"column":8}},"type":"cond-expr","locations":[{"start":{"line":32,"column":6},"end":{"line":32,"column":37}},{"start":{"line":33,"column":6},"end":{"line":33,"column":8}}],"line":31},"5":{"loc":{"start":{"line":35,"column":19},"end":{"line":37,"column":23}},"type":"cond-expr","locations":[{"start":{"line":36,"column":6},"end":{"line":36,"column":37}},{"start":{"line":37,"column":6},"end":{"line":37,"column":23}}],"line":35},"6":{"loc":{"start":{"line":58,"column":9},"end":{"line":60,"column":8}},"type":"cond-expr","locations":[{"start":{"line":59,"column":6},"end":{"line":59,"column":44}},{"start":{"line":60,"column":6},"end":{"line":60,"column":8}}],"line":58},"7":{"loc":{"start":{"line":58,"column":9},"end":{"line":58,"column":30}},"type":"binary-expr","locations":[{"start":{"line":58,"column":9},"end":{"line":58,"column":14}},{"start":{"line":58,"column":18},"end":{"line":58,"column":30}}],"line":58},"8":{"loc":{"start":{"line":64,"column":2},"end":{"line":71,"column":3}},"type":"switch","locations":[{"start":{"line":65,"column":4},"end":{"line":66,"column":22}},{"start":{"line":67,"column":4},"end":{"line":68,"column":23}},{"start":{"line":69,"column":4},"end":{"line":70,"column":22}}],"line":64},"9":{"loc":{"start":{"line":97,"column":4},"end":{"line":97,"column":96}},"type":"if","locations":[{"start":{"line":97,"column":4},"end":{"line":97,"column":96}},{"start":{"line":97,"column":4},"end":{"line":97,"column":96}}],"line":97},"10":{"loc":{"start":{"line":165,"column":4},"end":{"line":165,"column":76}},"type":"if","locations":[{"start":{"line":165,"column":4},"end":{"line":165,"column":76}},{"start":{"line":165,"column":4},"end":{"line":165,"column":76}}],"line":165},"11":{"loc":{"start":{"line":165,"column":8},"end":{"line":165,"column":58}},"type":"binary-expr","locations":[{"start":{"line":165,"column":8},"end":{"line":165,"column":34}},{"start":{"line":165,"column":38},"end":{"line":165,"column":58}}],"line":165},"12":{"loc":{"start":{"line":166,"column":4},"end":{"line":166,"column":76}},"type":"if","locations":[{"start":{"line":166,"column":4},"end":{"line":166,"column":76}},{"start":{"line":166,"column":4},"end":{"line":166,"column":76}}],"line":166},"13":{"loc":{"start":{"line":166,"column":8},"end":{"line":166,"column":56}},"type":"binary-expr","locations":[{"start":{"line":166,"column":8},"end":{"line":166,"column":32}},{"start":{"line":166,"column":36},"end":{"line":166,"column":56}}],"line":166},"14":{"loc":{"start":{"line":168,"column":4},"end":{"line":178,"column":5}},"type":"if","locations":[{"start":{"line":168,"column":4},"end":{"line":178,"column":5}},{"start":{"line":168,"column":4},"end":{"line":178,"column":5}}],"line":168}},"s":{"0":6,"1":27,"2":24,"3":24,"4":0,"5":0,"6":24,"7":6,"8":8,"9":8,"10":8,"11":8,"12":6,"13":5,"14":8,"15":6,"16":3,"17":1,"18":1,"19":1,"20":5,"21":5,"22":5,"23":5,"24":0,"25":5,"26":0,"27":5,"28":0,"29":5,"30":5,"31":5,"32":1,"33":1,"34":1,"35":1,"36":0,"37":2,"38":2,"39":8,"40":2,"41":2,"42":2,"43":2,"44":2,"45":0,"46":2,"47":0,"48":5,"49":1,"50":1,"51":1,"52":5,"53":1,"54":1,"55":1,"56":4,"57":3,"58":4,"59":3,"60":4,"61":3,"62":3,"63":3,"64":1,"65":1,"66":1,"67":4,"68":16,"69":0,"70":4},"f":{"0":27,"1":24,"2":8,"3":5,"4":8,"5":3,"6":5,"7":0,"8":0,"9":0,"10":1,"11":2,"12":8,"13":0,"14":0,"15":1,"16":1,"17":4,"18":16,"19":0},"b":{"0":[6,21],"1":[27,6],"2":[24,0],"3":[0,0],"4":[0,8],"5":[0,8],"6":[4,1],"7":[5,5],"8":[1,1,1],"9":[0,1],"10":[3,1],"11":[4,3],"12":[3,1],"13":[4,3],"14":[3,1]},"_coverageSchema":"1a1c01bbd47fc00a2c39e90264f33305004495a9","hash":"037373ac92fb4115840eebaf5c14f5002167a43e"}
,"/Users/admin/Desktop/OC | Front-End/billed-app - P9/src/containers/Login.js": {"path":"/Users/admin/Desktop/OC | Front-End/billed-app - P9/src/containers/Login.js","statementMap":{"0":{"start":{"line":3,"column":31},"end":{"line":3,"column":33}},"1":{"start":{"line":15,"column":4},"end":{"line":15,"column":28}},"2":{"start":{"line":16,"column":4},"end":{"line":16,"column":36}},"3":{"start":{"line":17,"column":4},"end":{"line":17,"column":32}},"4":{"start":{"line":18,"column":4},"end":{"line":18,"column":46}},"5":{"start":{"line":19,"column":4},"end":{"line":19,"column":30}},"6":{"start":{"line":21,"column":25},"end":{"line":21,"column":89}},"7":{"start":{"line":22,"column":4},"end":{"line":22,"column":70}},"8":{"start":{"line":24,"column":22},"end":{"line":24,"column":83}},"9":{"start":{"line":25,"column":4},"end":{"line":25,"column":64}},"10":{"start":{"line":27,"column":25},"end":{"line":42,"column":3}},"11":{"start":{"line":28,"column":17},"end":{"line":33,"column":5}},"12":{"start":{"line":34,"column":4},"end":{"line":34,"column":59}},"13":{"start":{"line":35,"column":23},"end":{"line":35,"column":51}},"14":{"start":{"line":36,"column":4},"end":{"line":36,"column":42}},"15":{"start":{"line":36,"column":21},"end":{"line":36,"column":42}},"16":{"start":{"line":37,"column":4},"end":{"line":37,"column":22}},"17":{"start":{"line":38,"column":4},"end":{"line":38,"column":41}},"18":{"start":{"line":39,"column":4},"end":{"line":39,"column":49}},"19":{"start":{"line":40,"column":4},"end":{"line":40,"column":46}},"20":{"start":{"line":41,"column":4},"end":{"line":41,"column":51}},"21":{"start":{"line":44,"column":22},"end":{"line":60,"column":3}},"22":{"start":{"line":45,"column":17},"end":{"line":51,"column":5}},"23":{"start":{"line":52,"column":4},"end":{"line":52,"column":59}},"24":{"start":{"line":53,"column":23},"end":{"line":53,"column":51}},"25":{"start":{"line":54,"column":4},"end":{"line":54,"column":42}},"26":{"start":{"line":54,"column":21},"end":{"line":54,"column":42}},"27":{"start":{"line":55,"column":4},"end":{"line":55,"column":22}},"28":{"start":{"line":56,"column":4},"end":{"line":56,"column":45}},"29":{"start":{"line":57,"column":4},"end":{"line":57,"column":53}},"30":{"start":{"line":58,"column":4},"end":{"line":58,"column":46}},"31":{"start":{"line":59,"column":4},"end":{"line":59,"column":46}}},"fnMap":{"0":{"name":"(anonymous_0)","decl":{"start":{"line":7,"column":2},"end":{"line":7,"column":3}},"loc":{"start":{"line":13,"column":5},"end":{"line":26,"column":3}},"line":13},"1":{"name":"(anonymous_1)","decl":{"start":{"line":27,"column":25},"end":{"line":27,"column":26}},"loc":{"start":{"line":27,"column":30},"end":{"line":42,"column":3}},"line":27},"2":{"name":"(anonymous_2)","decl":{"start":{"line":44,"column":22},"end":{"line":44,"column":23}},"loc":{"start":{"line":44,"column":27},"end":{"line":60,"column":3}},"line":44}},"branchMap":{"0":{"loc":{"start":{"line":36,"column":4},"end":{"line":36,"column":42}},"type":"if","locations":[{"start":{"line":36,"column":4},"end":{"line":36,"column":42}},{"start":{"line":36,"column":4},"end":{"line":36,"column":42}}],"line":36},"1":{"loc":{"start":{"line":54,"column":4},"end":{"line":54,"column":42}},"type":"if","locations":[{"start":{"line":54,"column":4},"end":{"line":54,"column":42}},{"start":{"line":54,"column":4},"end":{"line":54,"column":42}}],"line":54}},"s":{"0":1,"1":2,"2":2,"3":2,"4":2,"5":2,"6":2,"7":2,"8":2,"9":2,"10":2,"11":2,"12":2,"13":2,"14":2,"15":2,"16":2,"17":2,"18":2,"19":2,"20":2,"21":2,"22":2,"23":2,"24":2,"25":2,"26":2,"27":2,"28":2,"29":2,"30":2,"31":2},"f":{"0":2,"1":2,"2":2},"b":{"0":[2,0],"1":[2,0]},"_coverageSchema":"1a1c01bbd47fc00a2c39e90264f33305004495a9","hash":"0126bb1212f9c8ac15517fad7e2aee7a637140d2"}
,"/Users/admin/Desktop/OC | Front-End/billed-app - P9/src/containers/Logout.js": {"path":"/Users/admin/Desktop/OC | Front-End/billed-app - P9/src/containers/Logout.js","statementMap":{"0":{"start":{"line":5,"column":4},"end":{"line":5,"column":28}},"1":{"start":{"line":6,"column":4},"end":{"line":6,"column":32}},"2":{"start":{"line":7,"column":4},"end":{"line":7,"column":36}},"3":{"start":{"line":8,"column":4},"end":{"line":8,"column":51}},"4":{"start":{"line":11,"column":16},"end":{"line":14,"column":3}},"5":{"start":{"line":12,"column":4},"end":{"line":12,"column":29}},"6":{"start":{"line":13,"column":4},"end":{"line":13,"column":41}}},"fnMap":{"0":{"name":"(anonymous_0)","decl":{"start":{"line":4,"column":2},"end":{"line":4,"column":3}},"loc":{"start":{"line":4,"column":54},"end":{"line":9,"column":3}},"line":4},"1":{"name":"(anonymous_1)","decl":{"start":{"line":11,"column":16},"end":{"line":11,"column":17}},"loc":{"start":{"line":11,"column":23},"end":{"line":14,"column":3}},"line":11}},"branchMap":{},"s":{"0":10,"1":10,"2":10,"3":10,"4":10,"5":2,"6":2},"f":{"0":10,"1":2},"b":{},"_coverageSchema":"1a1c01bbd47fc00a2c39e90264f33305004495a9","hash":"6ef384b026a3dda90881b26e0cdeea45927652c0"}
,"/Users/admin/Desktop/OC | Front-End/billed-app - P9/src/containers/NewBill.js": {"path":"/Users/admin/Desktop/OC | Front-End/billed-app - P9/src/containers/NewBill.js","statementMap":{"0":{"start":{"line":7,"column":4},"end":{"line":7,"column":28}},"1":{"start":{"line":8,"column":4},"end":{"line":8,"column":32}},"2":{"start":{"line":9,"column":4},"end":{"line":9,"column":30}},"3":{"start":{"line":11,"column":24},"end":{"line":11,"column":88}},"4":{"start":{"line":12,"column":4},"end":{"line":12,"column":61}},"5":{"start":{"line":14,"column":17},"end":{"line":14,"column":73}},"6":{"start":{"line":15,"column":4},"end":{"line":15,"column":58}},"7":{"start":{"line":17,"column":4},"end":{"line":17,"column":23}},"8":{"start":{"line":18,"column":4},"end":{"line":18,"column":24}},"9":{"start":{"line":20,"column":4},"end":{"line":20,"column":54}},"10":{"start":{"line":23,"column":21},"end":{"line":44,"column":3}},"11":{"start":{"line":24,"column":17},"end":{"line":24,"column":82}},"12":{"start":{"line":25,"column":21},"end":{"line":25,"column":48}},"13":{"start":{"line":26,"column":21},"end":{"line":26,"column":50}},"14":{"start":{"line":28,"column":4},"end":{"line":35,"column":5}},"15":{"start":{"line":33,"column":8},"end":{"line":33,"column":27}},"16":{"start":{"line":34,"column":10},"end":{"line":34,"column":16}},"17":{"start":{"line":36,"column":4},"end":{"line":43,"column":8}},"18":{"start":{"line":39,"column":24},"end":{"line":39,"column":53}},"19":{"start":{"line":41,"column":8},"end":{"line":41,"column":26}},"20":{"start":{"line":42,"column":8},"end":{"line":42,"column":32}},"21":{"start":{"line":46,"column":17},"end":{"line":73,"column":3}},"22":{"start":{"line":47,"column":4},"end":{"line":47,"column":22}},"23":{"start":{"line":49,"column":4},"end":{"line":51,"column":5}},"24":{"start":{"line":50,"column":6},"end":{"line":50,"column":17}},"25":{"start":{"line":53,"column":18},"end":{"line":53,"column":64}},"26":{"start":{"line":55,"column":17},"end":{"line":69,"column":5}},"27":{"start":{"line":71,"column":4},"end":{"line":71,"column":25}},"28":{"start":{"line":72,"column":4},"end":{"line":72,"column":41}}},"fnMap":{"0":{"name":"(anonymous_0)","decl":{"start":{"line":5,"column":2},"end":{"line":5,"column":3}},"loc":{"start":{"line":5,"column":65},"end":{"line":21,"column":3}},"line":5},"1":{"name":"(anonymous_1)","decl":{"start":{"line":23,"column":21},"end":{"line":23,"column":22}},"loc":{"start":{"line":23,"column":26},"end":{"line":44,"column":3}},"line":23},"2":{"name":"(anonymous_2)","decl":{"start":{"line":39,"column":12},"end":{"line":39,"column":13}},"loc":{"start":{"line":39,"column":24},"end":{"line":39,"column":53}},"line":39},"3":{"name":"(anonymous_3)","decl":{"start":{"line":40,"column":12},"end":{"line":40,"column":13}},"loc":{"start":{"line":40,"column":19},"end":{"line":43,"column":7}},"line":40},"4":{"name":"(anonymous_4)","decl":{"start":{"line":46,"column":17},"end":{"line":46,"column":18}},"loc":{"start":{"line":46,"column":22},"end":{"line":73,"column":3}},"line":46}},"branchMap":{"0":{"loc":{"start":{"line":28,"column":4},"end":{"line":35,"column":5}},"type":"if","locations":[{"start":{"line":28,"column":4},"end":{"line":35,"column":5}},{"start":{"line":28,"column":4},"end":{"line":35,"column":5}}],"line":28},"1":{"loc":{"start":{"line":29,"column":6},"end":{"line":31,"column":43}},"type":"binary-expr","locations":[{"start":{"line":29,"column":6},"end":{"line":29,"column":42}},{"start":{"line":30,"column":6},"end":{"line":30,"column":42}},{"start":{"line":31,"column":6},"end":{"line":31,"column":43}}],"line":29},"2":{"loc":{"start":{"line":49,"column":4},"end":{"line":51,"column":5}},"type":"if","locations":[{"start":{"line":49,"column":4},"end":{"line":51,"column":5}},{"start":{"line":49,"column":4},"end":{"line":51,"column":5}}],"line":49}},"s":{"0":2,"1":2,"2":2,"3":2,"4":2,"5":2,"6":2,"7":2,"8":2,"9":2,"10":2,"11":1,"12":1,"13":1,"14":1,"15":1,"16":1,"17":0,"18":0,"19":0,"20":0,"21":2,"22":2,"23":2,"24":0,"25":2,"26":2,"27":2,"28":2},"f":{"0":2,"1":1,"2":0,"3":0,"4":2},"b":{"0":[1,0],"1":[1,1,1],"2":[0,2]},"_coverageSchema":"1a1c01bbd47fc00a2c39e90264f33305004495a9","hash":"d4cb865eff7ab1857889fe5688b532cf7961d277"}
,"/Users/admin/Desktop/OC | Front-End/billed-app - P9/src/views/Actions.js": {"path":"/Users/admin/Desktop/OC | Front-End/billed-app - P9/src/views/Actions.js","statementMap":{"0":{"start":{"line":5,"column":2},"end":{"line":11,"column":3}}},"fnMap":{"0":{"name":"(anonymous_0)","decl":{"start":{"line":4,"column":15},"end":{"line":4,"column":16}},"loc":{"start":{"line":4,"column":28},"end":{"line":12,"column":1}},"line":4}},"branchMap":{},"s":{"0":10},"f":{"0":10},"b":{},"_coverageSchema":"1a1c01bbd47fc00a2c39e90264f33305004495a9","hash":"4d10ded326061792f07c213d8d56c9c25a62f89b"}
,"/Users/admin/Desktop/OC | Front-End/billed-app - P9/src/views/BillsUI.js": {"path":"/Users/admin/Desktop/OC | Front-End/billed-app - P9/src/views/BillsUI.js","statementMap":{"0":{"start":{"line":7,"column":12},"end":{"line":20,"column":3}},"1":{"start":{"line":8,"column":2},"end":{"line":19,"column":6}},"2":{"start":{"line":22,"column":15},"end":{"line":31,"column":3}},"3":{"start":{"line":24,"column":6},"end":{"line":26,"column":12}},"4":{"start":{"line":25,"column":30},"end":{"line":25,"column":65}},"5":{"start":{"line":28,"column":4},"end":{"line":30,"column":10}},"6":{"start":{"line":29,"column":33},"end":{"line":29,"column":42}},"7":{"start":{"line":35,"column":16},"end":{"line":50,"column":4}},"8":{"start":{"line":35,"column":23},"end":{"line":50,"column":3}},"9":{"start":{"line":52,"column":2},"end":{"line":56,"column":3}},"10":{"start":{"line":53,"column":4},"end":{"line":53,"column":24}},"11":{"start":{"line":54,"column":9},"end":{"line":56,"column":3}},"12":{"start":{"line":55,"column":4},"end":{"line":55,"column":27}},"13":{"start":{"line":58,"column":2},"end":{"line":86,"column":3}}},"fnMap":{"0":{"name":"(anonymous_0)","decl":{"start":{"line":7,"column":12},"end":{"line":7,"column":13}},"loc":{"start":{"line":7,"column":20},"end":{"line":20,"column":3}},"line":7},"1":{"name":"(anonymous_1)","decl":{"start":{"line":22,"column":15},"end":{"line":22,"column":16}},"loc":{"start":{"line":22,"column":23},"end":{"line":31,"column":3}},"line":22},"2":{"name":"(anonymous_2)","decl":{"start":{"line":25,"column":20},"end":{"line":25,"column":21}},"loc":{"start":{"line":25,"column":30},"end":{"line":25,"column":65}},"line":25},"3":{"name":"(anonymous_3)","decl":{"start":{"line":29,"column":23},"end":{"line":29,"column":24}},"loc":{"start":{"line":29,"column":33},"end":{"line":29,"column":42}},"line":29},"4":{"name":"(anonymous_4)","decl":{"start":{"line":33,"column":15},"end":{"line":33,"column":16}},"loc":{"start":{"line":33,"column":52},"end":{"line":87,"column":1}},"line":33},"5":{"name":"(anonymous_5)","decl":{"start":{"line":35,"column":16},"end":{"line":35,"column":17}},"loc":{"start":{"line":35,"column":23},"end":{"line":50,"column":3}},"line":35}},"branchMap":{"0":{"loc":{"start":{"line":24,"column":6},"end":{"line":26,"column":12}},"type":"cond-expr","locations":[{"start":{"line":25,"column":10},"end":{"line":25,"column":66}},{"start":{"line":26,"column":10},"end":{"line":26,"column":12}}],"line":24},"1":{"loc":{"start":{"line":24,"column":6},"end":{"line":24,"column":25}},"type":"binary-expr","locations":[{"start":{"line":24,"column":6},"end":{"line":24,"column":10}},{"start":{"line":24,"column":14},"end":{"line":24,"column":25}}],"line":24},"2":{"loc":{"start":{"line":28,"column":11},"end":{"line":30,"column":10}},"type":"cond-expr","locations":[{"start":{"line":29,"column":8},"end":{"line":29,"column":52}},{"start":{"line":30,"column":8},"end":{"line":30,"column":10}}],"line":28},"3":{"loc":{"start":{"line":28,"column":11},"end":{"line":28,"column":30}},"type":"binary-expr","locations":[{"start":{"line":28,"column":11},"end":{"line":28,"column":15}},{"start":{"line":28,"column":19},"end":{"line":28,"column":30}}],"line":28},"4":{"loc":{"start":{"line":52,"column":2},"end":{"line":56,"column":3}},"type":"if","locations":[{"start":{"line":52,"column":2},"end":{"line":56,"column":3}},{"start":{"line":52,"column":2},"end":{"line":56,"column":3}}],"line":52},"5":{"loc":{"start":{"line":54,"column":9},"end":{"line":56,"column":3}},"type":"if","locations":[{"start":{"line":54,"column":9},"end":{"line":56,"column":3}},{"start":{"line":54,"column":9},"end":{"line":56,"column":3}}],"line":54}},"s":{"0":6,"1":8,"2":6,"3":9,"4":9,"5":9,"6":8,"7":13,"8":9,"9":13,"10":1,"11":12,"12":3,"13":9},"f":{"0":8,"1":9,"2":9,"3":8,"4":13,"5":9},"b":{"0":[2,7],"1":[9,5],"2":[2,7],"3":[9,5],"4":[1,12],"5":[3,9]},"_coverageSchema":"1a1c01bbd47fc00a2c39e90264f33305004495a9","hash":"eec45ed6dad3e88a0accf392ffeac7c7cce857cd"}
,"/Users/admin/Desktop/OC | Front-End/billed-app - P9/src/views/DashboardFormUI.js": {"path":"/Users/admin/Desktop/OC | Front-End/billed-app - P9/src/views/DashboardFormUI.js","statementMap":{"0":{"start":{"line":7,"column":21},"end":{"line":22,"column":4}},"1":{"start":{"line":7,"column":28},"end":{"line":22,"column":3}},"2":{"start":{"line":26,"column":2},"end":{"line":101,"column":4}}},"fnMap":{"0":{"name":"(anonymous_0)","decl":{"start":{"line":7,"column":21},"end":{"line":7,"column":22}},"loc":{"start":{"line":7,"column":28},"end":{"line":22,"column":3}},"line":7},"1":{"name":"(anonymous_1)","decl":{"start":{"line":24,"column":15},"end":{"line":24,"column":16}},"loc":{"start":{"line":24,"column":25},"end":{"line":102,"column":1}},"line":24}},"branchMap":{"0":{"loc":{"start":{"line":79,"column":9},"end":{"line":89,"column":9}},"type":"cond-expr","locations":[{"start":{"line":79,"column":38},"end":{"line":84,"column":8}},{"start":{"line":84,"column":13},"end":{"line":89,"column":8}}],"line":79},"1":{"loc":{"start":{"line":92,"column":8},"end":{"line":97,"column":13}},"type":"cond-expr","locations":[{"start":{"line":92,"column":37},"end":{"line":97,"column":7}},{"start":{"line":97,"column":11},"end":{"line":97,"column":13}}],"line":92}},"s":{"0":7,"1":9,"2":9},"f":{"0":9,"1":9},"b":{"0":[6,3],"1":[6,3]},"_coverageSchema":"1a1c01bbd47fc00a2c39e90264f33305004495a9","hash":"38da21c66f1d9bae59bd5c04fe0c018cf8611d66"}
,"/Users/admin/Desktop/OC | Front-End/billed-app - P9/src/views/DashboardUI.js": {"path":"/Users/admin/Desktop/OC | Front-End/billed-app - P9/src/views/DashboardUI.js","statementMap":{"0":{"start":{"line":10,"column":2},"end":{"line":14,"column":3}},"1":{"start":{"line":11,"column":4},"end":{"line":11,"column":24}},"2":{"start":{"line":12,"column":9},"end":{"line":14,"column":3}},"3":{"start":{"line":13,"column":4},"end":{"line":13,"column":27}},"4":{"start":{"line":16,"column":2},"end":{"line":48,"column":3}}},"fnMap":{"0":{"name":"(anonymous_0)","decl":{"start":{"line":8,"column":15},"end":{"line":8,"column":16}},"loc":{"start":{"line":8,"column":45},"end":{"line":49,"column":1}},"line":8}},"branchMap":{"0":{"loc":{"start":{"line":10,"column":2},"end":{"line":14,"column":3}},"type":"if","locations":[{"start":{"line":10,"column":2},"end":{"line":14,"column":3}},{"start":{"line":10,"column":2},"end":{"line":14,"column":3}}],"line":10},"1":{"loc":{"start":{"line":12,"column":9},"end":{"line":14,"column":3}},"type":"if","locations":[{"start":{"line":12,"column":9},"end":{"line":14,"column":3}},{"start":{"line":12,"column":9},"end":{"line":14,"column":3}}],"line":12},"2":{"loc":{"start":{"line":22,"column":45},"end":{"line":22,"column":63}},"type":"binary-expr","locations":[{"start":{"line":22,"column":45},"end":{"line":22,"column":49}},{"start":{"line":22,"column":53},"end":{"line":22,"column":63}}],"line":22},"3":{"loc":{"start":{"line":29,"column":43},"end":{"line":29,"column":61}},"type":"binary-expr","locations":[{"start":{"line":29,"column":43},"end":{"line":29,"column":47}},{"start":{"line":29,"column":51},"end":{"line":29,"column":61}}],"line":29},"4":{"loc":{"start":{"line":36,"column":43},"end":{"line":36,"column":61}},"type":"binary-expr","locations":[{"start":{"line":36,"column":43},"end":{"line":36,"column":47}},{"start":{"line":36,"column":51},"end":{"line":36,"column":61}}],"line":36}},"s":{"0":11,"1":1,"2":10,"3":3,"4":7},"f":{"0":11},"b":{"0":[1,10],"1":[3,7],"2":[7,2],"3":[7,2],"4":[7,2]},"_coverageSchema":"1a1c01bbd47fc00a2c39e90264f33305004495a9","hash":"8f3ff62e2a4cf360127d6eabbe890c1dd7bc8fc6"}
,"/Users/admin/Desktop/OC | Front-End/billed-app - P9/src/views/ErrorPage.js": {"path":"/Users/admin/Desktop/OC | Front-End/billed-app - P9/src/views/ErrorPage.js","statementMap":{"0":{"start":{"line":5,"column":2},"end":{"line":16,"column":3}}},"fnMap":{"0":{"name":"(anonymous_0)","decl":{"start":{"line":3,"column":15},"end":{"line":3,"column":16}},"loc":{"start":{"line":3,"column":26},"end":{"line":17,"column":1}},"line":3}},"branchMap":{"0":{"loc":{"start":{"line":13,"column":12},"end":{"line":13,"column":30}},"type":"cond-expr","locations":[{"start":{"line":13,"column":20},"end":{"line":13,"column":25}},{"start":{"line":13,"column":28},"end":{"line":13,"column":30}}],"line":13}},"s":{"0":8},"f":{"0":8},"b":{"0":[7,1]},"_coverageSchema":"1a1c01bbd47fc00a2c39e90264f33305004495a9","hash":"fdf3416e270a2dffd8b8b41064db4a7fd84fe5b4"}
,"/Users/admin/Desktop/OC | Front-End/billed-app - P9/src/views/LoadingPage.js": {"path":"/Users/admin/Desktop/OC | Front-End/billed-app - P9/src/views/LoadingPage.js","statementMap":{"0":{"start":{"line":5,"column":2},"end":{"line":12,"column":3}}},"fnMap":{"0":{"name":"(anonymous_0)","decl":{"start":{"line":3,"column":15},"end":{"line":3,"column":16}},"loc":{"start":{"line":3,"column":21},"end":{"line":13,"column":1}},"line":3}},"branchMap":{},"s":{"0":3},"f":{"0":3},"b":{},"_coverageSchema":"1a1c01bbd47fc00a2c39e90264f33305004495a9","hash":"ffbcf590a929cbd7dcd6073a7a94a3f8cd6ba76c"}
,"/Users/admin/Desktop/OC | Front-End/billed-app - P9/src/views/LoginUI.js": {"path":"/Users/admin/Desktop/OC | Front-End/billed-app - P9/src/views/LoginUI.js","statementMap":{"0":{"start":{"line":4,"column":2},"end":{"line":46,"column":4}}},"fnMap":{"0":{"name":"(anonymous_0)","decl":{"start":{"line":2,"column":15},"end":{"line":2,"column":16}},"loc":{"start":{"line":2,"column":21},"end":{"line":47,"column":1}},"line":2}},"branchMap":{},"s":{"0":10},"f":{"0":10},"b":{},"_coverageSchema":"1a1c01bbd47fc00a2c39e90264f33305004495a9","hash":"3e280cb151345f1c3fc1e55b08b970e06ecaa682"}
,"/Users/admin/Desktop/OC | Front-End/billed-app - P9/src/views/NewBillUI.js": {"path":"/Users/admin/Desktop/OC | Front-End/billed-app - P9/src/views/NewBillUI.js","statementMap":{"0":{"start":{"line":5,"column":2},"end":{"line":73,"column":4}}},"fnMap":{"0":{"name":"(anonymous_0)","decl":{"start":{"line":3,"column":15},"end":{"line":3,"column":16}},"loc":{"start":{"line":3,"column":21},"end":{"line":74,"column":1}},"line":3}},"branchMap":{},"s":{"0":5},"f":{"0":5},"b":{},"_coverageSchema":"1a1c01bbd47fc00a2c39e90264f33305004495a9","hash":"594bde135d211ccbda873d6d306257993b50e5ad"}
,"/Users/admin/Desktop/OC | Front-End/billed-app - P9/src/views/VerticalLayout.js": {"path":"/Users/admin/Desktop/OC | Front-End/billed-app - P9/src/views/VerticalLayout.js","statementMap":{"0":{"start":{"line":7,"column":1},"end":{"line":7,"column":49}},"1":{"start":{"line":8,"column":1},"end":{"line":10,"column":2}},"2":{"start":{"line":9,"column":2},"end":{"line":9,"column":26}},"3":{"start":{"line":11,"column":1},"end":{"line":35,"column":2}},"4":{"start":{"line":12,"column":2},"end":{"line":25,"column":10}},"5":{"start":{"line":27,"column":2},"end":{"line":34,"column":9}}},"fnMap":{"0":{"name":"(anonymous_0)","decl":{"start":{"line":5,"column":15},"end":{"line":5,"column":16}},"loc":{"start":{"line":5,"column":27},"end":{"line":36,"column":1}},"line":5}},"branchMap":{"0":{"loc":{"start":{"line":8,"column":1},"end":{"line":10,"column":2}},"type":"if","locations":[{"start":{"line":8,"column":1},"end":{"line":10,"column":2}},{"start":{"line":8,"column":1},"end":{"line":10,"column":2}}],"line":8},"1":{"loc":{"start":{"line":11,"column":1},"end":{"line":35,"column":2}},"type":"if","locations":[{"start":{"line":11,"column":1},"end":{"line":35,"column":2}},{"start":{"line":11,"column":1},"end":{"line":35,"column":2}}],"line":11},"2":{"loc":{"start":{"line":11,"column":5},"end":{"line":11,"column":37}},"type":"binary-expr","locations":[{"start":{"line":11,"column":5},"end":{"line":11,"column":9}},{"start":{"line":11,"column":13},"end":{"line":11,"column":37}}],"line":11}},"s":{"0":33,"1":33,"2":10,"3":33,"4":4,"5":29},"f":{"0":33},"b":{"0":[10,23],"1":[4,29],"2":[33,10]},"_coverageSchema":"1a1c01bbd47fc00a2c39e90264f33305004495a9","hash":"9578ffe9cf8a3a5a5757c47acc3689ae05cb9e35"}
}
