TN:
SF:src/constants/routes.js
FN:13,(anonymous_0)
FNF:1
FNH:1
FNDA:16,(anonymous_0)
DA:6,6
DA:13,6
DA:14,16
DA:16,3
DA:18,5
DA:20,2
DA:22,5
DA:24,1
LF:8
LH:8
BRDA:14,0,0,3
BRDA:14,0,1,5
BRDA:14,0,2,2
BRDA:14,0,3,5
BRDA:14,0,4,1
BRF:5
BRH:5
end_of_record
TN:
SF:src/constants/usersTest.js
FNF:0
FNH:0
LF:0
LH:0
BRF:0
BRH:0
end_of_record
TN:
SF:src/containers/Bills.js
FN:7,(anonymous_0)
FN:20,(anonymous_1)
FN:21,(anonymous_2)
FN:28,(anonymous_3)
FN:33,(anonymous_4)
FNF:5
FNH:5
FNDA:2,(anonymous_0)
FNDA:4,(anonymous_1)
FNDA:1,(anonymous_2)
FNDA:1,(anonymous_3)
FNDA:2,(anonymous_4)
DA:8,2
DA:9,2
DA:10,2
DA:12,2
DA:14,2
DA:15,1
DA:18,2
DA:20,2
DA:21,4
DA:24,2
DA:28,2
DA:29,1
DA:33,2
DA:34,2
DA:35,2
DA:36,2
DA:40,2
LF:17
LH:17
BRDA:14,0,0,1
BRDA:14,0,1,1
BRDA:20,1,0,2
BRDA:20,1,1,0
BRF:4
BRH:3
end_of_record
TN:
SF:src/containers/Dashboard.js
FN:8,(anonymous_0)
FN:10,(anonymous_1)
FN:29,(anonymous_2)
FN:57,(anonymous_3)
FN:59,(anonymous_4)
FN:63,(anonymous_5)
FN:75,(anonymous_6)
FN:80,(anonymous_7)
FN:81,(anonymous_8)
FN:82,(anonymous_9)
FN:89,(anonymous_10)
FN:128,(anonymous_11)
FN:131,(anonymous_12)
FN:139,(anonymous_13)
FN:140,(anonymous_14)
FN:143,(anonymous_15)
FN:154,(anonymous_16)
FN:164,(anonymous_17)
FN:180,(anonymous_18)
FN:181,(anonymous_19)
FNF:20
FNH:14
FNDA:27,(anonymous_0)
FNDA:24,(anonymous_1)
FNDA:8,(anonymous_2)
FNDA:5,(anonymous_3)
FNDA:8,(anonymous_4)
FNDA:3,(anonymous_5)
FNDA:5,(anonymous_6)
FNDA:0,(anonymous_7)
FNDA:0,(anonymous_8)
FNDA:0,(anonymous_9)
FNDA:1,(anonymous_10)
FNDA:2,(anonymous_11)
FNDA:8,(anonymous_12)
FNDA:0,(anonymous_13)
FNDA:0,(anonymous_14)
FNDA:1,(anonymous_15)
FNDA:1,(anonymous_16)
FNDA:4,(anonymous_17)
FNDA:16,(anonymous_18)
FNDA:0,(anonymous_19)
DA:8,6
DA:9,27
DA:15,24
DA:16,24
DA:19,0
DA:20,0
DA:25,24
DA:29,6
DA:30,8
DA:31,8
DA:35,8
DA:39,8
DA:57,6
DA:58,5
DA:59,8
DA:63,6
DA:64,3
DA:66,1
DA:68,1
DA:70,1
DA:76,5
DA:77,5
DA:78,5
DA:80,5
DA:81,5
DA:82,5
DA:84,5
DA:86,5
DA:89,5
DA:90,1
DA:91,1
DA:93,1
DA:97,1
DA:130,2
DA:131,2
DA:132,8
DA:135,2
DA:136,2
DA:137,2
DA:138,2
DA:139,2
DA:140,2
DA:143,5
DA:144,1
DA:150,1
DA:151,1
DA:154,5
DA:155,1
DA:160,1
DA:161,1
DA:165,4
DA:166,4
DA:168,4
DA:169,3
DA:170,3
DA:172,3
DA:174,1
DA:175,1
DA:177,1
DA:180,4
DA:181,16
DA:184,4
LF:62
LH:60
BRDA:9,0,0,6
BRDA:9,0,1,21
BRDA:9,1,0,27
BRDA:9,1,1,6
BRDA:15,2,0,24
BRDA:15,2,1,0
BRDA:21,3,0,0
BRDA:21,3,1,0
BRDA:31,4,0,0
BRDA:31,4,1,8
BRDA:35,5,0,0
BRDA:35,5,1,8
BRDA:58,6,0,4
BRDA:58,6,1,1
BRDA:58,7,0,5
BRDA:58,7,1,5
BRDA:64,8,0,1
BRDA:64,8,1,1
BRDA:64,8,2,1
BRDA:97,9,0,0
BRDA:97,9,1,1
BRDA:165,10,0,3
BRDA:165,10,1,1
BRDA:165,11,0,4
BRDA:165,11,1,3
BRDA:166,12,0,3
BRDA:166,12,1,1
BRDA:166,13,0,4
BRDA:166,13,1,3
BRDA:168,14,0,3
BRDA:168,14,1,1
BRF:31
BRH:25
end_of_record
TN:
SF:src/containers/Login.js
FN:7,(anonymous_0)
FN:27,(anonymous_1)
FN:44,(anonymous_2)
FNF:3
FNH:3
FNDA:2,(anonymous_0)
FNDA:2,(anonymous_1)
FNDA:2,(anonymous_2)
DA:3,1
DA:15,2
DA:16,2
DA:17,2
DA:18,2
DA:19,2
DA:21,2
DA:22,2
DA:24,2
DA:25,2
DA:27,2
DA:28,2
DA:34,2
DA:35,2
DA:36,2
DA:37,2
DA:38,2
DA:39,2
DA:40,2
DA:41,2
DA:44,2
DA:45,2
DA:52,2
DA:53,2
DA:54,2
DA:55,2
DA:56,2
DA:57,2
DA:58,2
DA:59,2
LF:30
LH:30
BRDA:36,0,0,2
BRDA:36,0,1,0
BRDA:54,1,0,2
BRDA:54,1,1,0
BRF:4
BRH:2
end_of_record
TN:
SF:src/containers/Logout.js
FN:4,(anonymous_0)
FN:11,(anonymous_1)
FNF:2
FNH:2
FNDA:10,(anonymous_0)
FNDA:2,(anonymous_1)
DA:5,10
DA:6,10
DA:7,10
DA:8,10
DA:11,10
DA:12,2
DA:13,2
LF:7
LH:7
BRF:0
BRH:0
end_of_record
TN:
SF:src/containers/NewBill.js
FN:5,(anonymous_0)
FN:23,(anonymous_1)
FN:39,(anonymous_2)
FN:40,(anonymous_3)
FN:46,(anonymous_4)
FNF:5
FNH:3
FNDA:2,(anonymous_0)
FNDA:1,(anonymous_1)
FNDA:0,(anonymous_2)
FNDA:0,(anonymous_3)
FNDA:2,(anonymous_4)
DA:7,2
DA:8,2
DA:9,2
DA:11,2
DA:12,2
DA:14,2
DA:15,2
DA:17,2
DA:18,2
DA:20,2
DA:23,2
DA:24,1
DA:25,1
DA:26,1
DA:28,1
DA:33,1
DA:34,1
DA:36,0
DA:39,0
DA:41,0
DA:42,0
DA:46,2
DA:47,2
DA:49,2
DA:50,0
DA:53,2
DA:55,2
DA:71,2
DA:72,2
LF:29
LH:24
BRDA:28,0,0,1
BRDA:28,0,1,0
BRDA:29,1,0,1
BRDA:29,1,1,1
BRDA:29,1,2,1
BRDA:49,2,0,0
BRDA:49,2,1,2
BRF:7
BRH:5
end_of_record
TN:
SF:src/views/Actions.js
FN:4,(anonymous_0)
FNF:1
FNH:1
FNDA:10,(anonymous_0)
DA:5,10
LF:1
LH:1
BRF:0
BRH:0
end_of_record
TN:
SF:src/views/BillsUI.js
FN:7,(anonymous_0)
FN:22,(anonymous_1)
FN:25,(anonymous_2)
FN:29,(anonymous_3)
FN:33,(anonymous_4)
FN:35,(anonymous_5)
FNF:6
FNH:6
FNDA:8,(anonymous_0)
FNDA:9,(anonymous_1)
FNDA:9,(anonymous_2)
FNDA:8,(anonymous_3)
FNDA:13,(anonymous_4)
FNDA:9,(anonymous_5)
DA:7,6
DA:8,8
DA:22,6
DA:24,9
DA:25,9
DA:28,9
DA:29,8
DA:35,13
DA:52,13
DA:53,1
DA:54,12
DA:55,3
DA:58,9
LF:13
LH:13
BRDA:24,0,0,2
BRDA:24,0,1,7
BRDA:24,1,0,9
BRDA:24,1,1,5
BRDA:28,2,0,2
BRDA:28,2,1,7
BRDA:28,3,0,9
BRDA:28,3,1,5
BRDA:52,4,0,1
BRDA:52,4,1,12
BRDA:54,5,0,3
BRDA:54,5,1,9
BRF:12
BRH:12
end_of_record
TN:
SF:src/views/DashboardFormUI.js
FN:7,(anonymous_0)
FN:24,(anonymous_1)
FNF:2
FNH:2
FNDA:9,(anonymous_0)
FNDA:9,(anonymous_1)
DA:7,9
DA:26,9
LF:2
LH:2
BRDA:79,0,0,6
BRDA:79,0,1,3
BRDA:92,1,0,6
BRDA:92,1,1,3
BRF:4
BRH:4
end_of_record
TN:
SF:src/views/DashboardUI.js
FN:8,(anonymous_0)
FNF:1
FNH:1
FNDA:11,(anonymous_0)
DA:10,11
DA:11,1
DA:12,10
DA:13,3
DA:16,7
LF:5
LH:5
BRDA:10,0,0,1
BRDA:10,0,1,10
BRDA:12,1,0,3
BRDA:12,1,1,7
BRDA:22,2,0,7
BRDA:22,2,1,2
BRDA:29,3,0,7
BRDA:29,3,1,2
BRDA:36,4,0,7
BRDA:36,4,1,2
BRF:10
BRH:10
end_of_record
TN:
SF:src/views/ErrorPage.js
FN:3,(anonymous_0)
FNF:1
FNH:1
FNDA:8,(anonymous_0)
DA:5,8
LF:1
LH:1
BRDA:13,0,0,7
BRDA:13,0,1,1
BRF:2
BRH:2
end_of_record
TN:
SF:src/views/LoadingPage.js
FN:3,(anonymous_0)
FNF:1
FNH:1
FNDA:3,(anonymous_0)
DA:5,3
LF:1
LH:1
BRF:0
BRH:0
end_of_record
TN:
SF:src/views/LoginUI.js
FN:2,(anonymous_0)
FNF:1
FNH:1
FNDA:10,(anonymous_0)
DA:4,10
LF:1
LH:1
BRF:0
BRH:0
end_of_record
TN:
SF:src/views/NewBillUI.js
FN:3,(anonymous_0)
FNF:1
FNH:1
FNDA:5,(anonymous_0)
DA:5,5
LF:1
LH:1
BRF:0
BRH:0
end_of_record
TN:
SF:src/views/VerticalLayout.js
FN:5,(anonymous_0)
FNF:1
FNH:1
FNDA:33,(anonymous_0)
DA:7,33
DA:8,33
DA:9,10
DA:11,33
DA:12,4
DA:27,29
LF:6
LH:6
BRDA:8,0,0,10
BRDA:8,0,1,23
BRDA:11,1,0,4
BRDA:11,1,1,29
BRDA:11,2,0,33
BRDA:11,2,1,10
BRF:6
BRH:6
end_of_record
